2019-02-07 11:53:58.195 DEBUG ContenidoDAOImpl.exists:56 - Id2
2019-02-07 11:53:58.195 DEBUG ContenidoDAOImpl.exists:56 - Id2
2019-02-07 11:53:58.198 DEBUG ContenidoDAOImpl.exists:67 - SELECT ID_CONTENIDO  FROM CONTENIDO  WHERE ID_CONTENIDO = ? 
2019-02-07 11:53:58.198 DEBUG ContenidoDAOImpl.exists:67 - SELECT ID_CONTENIDO  FROM CONTENIDO  WHERE ID_CONTENIDO = ? 
2019-02-07 11:55:51.583 DEBUG ContenidoDAOImpl.exists:56 - Id: 2
2019-02-07 11:55:51.583 DEBUG ContenidoDAOImpl.exists:56 - Id: 2
2019-02-07 11:55:51.585 DEBUG ContenidoDAOImpl.exists:67 - SELECT ID_CONTENIDO  FROM CONTENIDO  WHERE ID_CONTENIDO = ? 
2019-02-07 11:55:51.585 DEBUG ContenidoDAOImpl.exists:67 - SELECT ID_CONTENIDO  FROM CONTENIDO  WHERE ID_CONTENIDO = ? 
2019-02-07 17:22:48.525 DEBUG ContenidoDAOImpl.create:537 - Contenido= {0} 
2019-02-07 17:22:48.525 DEBUG ContenidoDAOImpl.create:537 - Contenido= {0} 
2019-02-07 17:22:48.541 DEBUG ContenidoDAOImpl.create:565 - QUERY= {0}
2019-02-07 17:22:48.541 DEBUG ContenidoDAOImpl.create:565 - QUERY= {0}
2019-02-07 17:22:49.147 DEBUG ContenidoDAOImpl.delete:687 - Id= {0} 
2019-02-07 17:22:49.147 DEBUG ContenidoDAOImpl.delete:687 - Id= {0} 
2019-02-07 17:22:49.148 DEBUG ContenidoDAOImpl.deleteCategorias:801 - Id= {0} 
2019-02-07 17:22:49.148 DEBUG ContenidoDAOImpl.deleteCategorias:801 - Id= {0} 
2019-02-07 17:22:49.149 DEBUG ContenidoDAOImpl.deleteCategorias:819 - QUERY= {0}
2019-02-07 17:22:49.149 DEBUG ContenidoDAOImpl.deleteCategorias:819 - QUERY= {0}
2019-02-07 17:22:49.183 DEBUG ContenidoDAOImpl.deleteEtiquetas:757 - Id= {0} 
2019-02-07 17:22:49.183 DEBUG ContenidoDAOImpl.deleteEtiquetas:757 - Id= {0} 
2019-02-07 17:22:49.184 DEBUG ContenidoDAOImpl.deleteEtiquetas:773 - QUERY= {0}
2019-02-07 17:22:49.184 DEBUG ContenidoDAOImpl.deleteEtiquetas:773 - QUERY= {0}
2019-02-07 17:22:49.196 DEBUG ContenidoDAOImpl.deleteCategorias:801 - Id= {0} 
2019-02-07 17:22:49.196 DEBUG ContenidoDAOImpl.deleteCategorias:801 - Id= {0} 
2019-02-07 17:22:49.197 DEBUG ContenidoDAOImpl.deleteCategorias:819 - QUERY= {0}
2019-02-07 17:22:49.197 DEBUG ContenidoDAOImpl.deleteCategorias:819 - QUERY= {0}
2019-02-07 17:22:49.198 DEBUG ContenidoDAOImpl.deleteEtiquetas:757 - Id= {0} 
2019-02-07 17:22:49.198 DEBUG ContenidoDAOImpl.deleteEtiquetas:757 - Id= {0} 
2019-02-07 17:22:49.199 DEBUG ContenidoDAOImpl.deleteEtiquetas:773 - QUERY= {0}
2019-02-07 17:22:49.199 DEBUG ContenidoDAOImpl.deleteEtiquetas:773 - QUERY= {0}
2019-02-07 17:22:49.200 DEBUG ContenidoDAOImpl.deleteContenido:712 - Id= {0} 
2019-02-07 17:22:49.200 DEBUG ContenidoDAOImpl.deleteContenido:712 - Id= {0} 
2019-02-07 17:22:49.200 DEBUG ContenidoDAOImpl.deleteContenido:729 - QUERY= {0}
2019-02-07 17:22:49.200 DEBUG ContenidoDAOImpl.deleteContenido:729 - QUERY= {0}
2019-02-07 17:23:04.340 DEBUG ContenidoDAOImpl.create:537 - Contenido= {0} 
2019-02-07 17:23:04.340 DEBUG ContenidoDAOImpl.create:537 - Contenido= {0} 
2019-02-07 17:23:04.369 DEBUG ContenidoDAOImpl.create:565 - QUERY= {0}
2019-02-07 17:23:04.369 DEBUG ContenidoDAOImpl.create:565 - QUERY= {0}
2019-02-07 17:23:04.540 DEBUG ContenidoDAOImpl.create:537 - Contenido= {0} 
2019-02-07 17:23:04.540 DEBUG ContenidoDAOImpl.create:537 - Contenido= {0} 
2019-02-07 17:23:04.541 DEBUG ContenidoDAOImpl.create:565 - QUERY= {0}
2019-02-07 17:23:04.541 DEBUG ContenidoDAOImpl.create:565 - QUERY= {0}
2019-02-07 17:23:04.610 DEBUG ContenidoDAOImpl.create:537 - Contenido= {0} 
2019-02-07 17:23:04.610 DEBUG ContenidoDAOImpl.create:537 - Contenido= {0} 
2019-02-07 17:23:04.611 DEBUG ContenidoDAOImpl.create:565 - QUERY= {0}
2019-02-07 17:23:04.611 DEBUG ContenidoDAOImpl.create:565 - QUERY= {0}
2019-02-07 17:23:04.694 DEBUG ContenidoDAOImpl.findById:159 - Id= {0} 
2019-02-07 17:23:04.694 DEBUG ContenidoDAOImpl.findById:159 - Id= {0} 
2019-02-07 17:23:04.694 DEBUG ContenidoDAOImpl.findById:178 - QUERY= {0}
2019-02-07 17:23:04.694 DEBUG ContenidoDAOImpl.findById:178 - QUERY= {0}
2019-02-07 17:23:04.712 DEBUG ContenidoDAOImpl.findById:159 - Id= {0} 
2019-02-07 17:23:04.712 DEBUG ContenidoDAOImpl.findById:159 - Id= {0} 
2019-02-07 17:23:04.713 DEBUG ContenidoDAOImpl.findById:178 - QUERY= {0}
2019-02-07 17:23:04.713 DEBUG ContenidoDAOImpl.findById:178 - QUERY= {0}
2019-02-07 17:23:04.740 DEBUG ContenidoDAOImpl.findById:159 - Id= {0} 
2019-02-07 17:23:04.740 DEBUG ContenidoDAOImpl.findById:159 - Id= {0} 
2019-02-07 17:23:04.741 DEBUG ContenidoDAOImpl.findById:178 - QUERY= {0}
2019-02-07 17:23:04.741 DEBUG ContenidoDAOImpl.findById:178 - QUERY= {0}
2019-02-07 17:23:04.756 DEBUG ContenidoDAOImpl.findById:159 - Id= {0} 
2019-02-07 17:23:04.756 DEBUG ContenidoDAOImpl.findById:159 - Id= {0} 
2019-02-07 17:23:04.757 DEBUG ContenidoDAOImpl.findById:178 - QUERY= {0}
2019-02-07 17:23:04.757 DEBUG ContenidoDAOImpl.findById:178 - QUERY= {0}
2019-02-07 17:23:04.774 DEBUG ContenidoDAOImpl.findById:159 - Id= {0} 
2019-02-07 17:23:04.774 DEBUG ContenidoDAOImpl.findById:159 - Id= {0} 
2019-02-07 17:23:04.774 DEBUG ContenidoDAOImpl.findById:178 - QUERY= {0}
2019-02-07 17:23:04.774 DEBUG ContenidoDAOImpl.findById:178 - QUERY= {0}
2019-02-07 17:23:04.775 DEBUG ContenidoDAOImpl.update:599 - Contenido= {0} 
2019-02-07 17:23:04.775 DEBUG ContenidoDAOImpl.update:599 - Contenido= {0} 
2019-02-07 17:23:04.776 DEBUG ContenidoDAOImpl.update:660 - QUERY= {0}
2019-02-07 17:23:04.776 DEBUG ContenidoDAOImpl.update:660 - QUERY= {0}
2019-02-07 17:23:04.838 DEBUG ContenidoDAOImpl.findById:159 - Id= {0} 
2019-02-07 17:23:04.838 DEBUG ContenidoDAOImpl.findById:159 - Id= {0} 
2019-02-07 17:23:04.838 DEBUG ContenidoDAOImpl.findById:178 - QUERY= {0}
2019-02-07 17:23:04.838 DEBUG ContenidoDAOImpl.findById:178 - QUERY= {0}
2019-02-07 17:23:04.856 DEBUG ContenidoDAOImpl.findById:159 - Id= {0} 
2019-02-07 17:23:04.856 DEBUG ContenidoDAOImpl.findById:159 - Id= {0} 
2019-02-07 17:23:04.856 DEBUG ContenidoDAOImpl.findById:178 - QUERY= {0}
2019-02-07 17:23:04.856 DEBUG ContenidoDAOImpl.findById:178 - QUERY= {0}
2019-02-07 17:23:04.871 DEBUG ContenidoDAOImpl.update:599 - Contenido= {0} 
2019-02-07 17:23:04.871 DEBUG ContenidoDAOImpl.update:599 - Contenido= {0} 
2019-02-07 17:23:04.872 DEBUG ContenidoDAOImpl.update:660 - QUERY= {0}
2019-02-07 17:23:04.872 DEBUG ContenidoDAOImpl.update:660 - QUERY= {0}
2019-02-07 17:23:04.925 DEBUG ContenidoDAOImpl.findById:159 - Id= {0} 
2019-02-07 17:23:04.925 DEBUG ContenidoDAOImpl.findById:159 - Id= {0} 
2019-02-07 17:23:04.925 DEBUG ContenidoDAOImpl.findById:178 - QUERY= {0}
2019-02-07 17:23:04.925 DEBUG ContenidoDAOImpl.findById:178 - QUERY= {0}
2019-02-07 17:23:04.942 DEBUG ContenidoDAOImpl.findById:159 - Id= {0} 
2019-02-07 17:23:04.942 DEBUG ContenidoDAOImpl.findById:159 - Id= {0} 
2019-02-07 17:23:04.943 DEBUG ContenidoDAOImpl.findById:178 - QUERY= {0}
2019-02-07 17:23:04.943 DEBUG ContenidoDAOImpl.findById:178 - QUERY= {0}
2019-02-07 17:23:04.986 DEBUG ContenidoDAOImpl.agignarCategoria:896 - IdContenido= {0} IdCategoria= {1} 
2019-02-07 17:23:04.986 DEBUG ContenidoDAOImpl.agignarCategoria:896 - IdContenido= {0} IdCategoria= {1} 
2019-02-07 17:23:04.987 DEBUG ContenidoDAOImpl.agignarCategoria:914 - QUERY= {0}
2019-02-07 17:23:04.987 DEBUG ContenidoDAOImpl.agignarCategoria:914 - QUERY= {0}
2019-02-07 17:23:05.054 DEBUG ContenidoDAOImpl.verCategoria:1546 - idContenido= {0} idioma= {1} 
2019-02-07 17:23:05.054 DEBUG ContenidoDAOImpl.verCategoria:1546 - idContenido= {0} idioma= {1} 
2019-02-07 17:23:05.054 DEBUG ContenidoDAOImpl.verCategoria:1567 - QUERY= {0}
2019-02-07 17:23:05.054 DEBUG ContenidoDAOImpl.verCategoria:1567 - QUERY= {0}
2019-02-07 17:23:05.087 DEBUG ContenidoDAOImpl.modificarCategoria:941 - IdContenido= {0} IdCategoria= {1} 
2019-02-07 17:23:05.087 DEBUG ContenidoDAOImpl.modificarCategoria:941 - IdContenido= {0} IdCategoria= {1} 
2019-02-07 17:23:05.087 DEBUG ContenidoDAOImpl.modificarCategoria:971 - QUERY= {0}
2019-02-07 17:23:05.087 DEBUG ContenidoDAOImpl.modificarCategoria:971 - QUERY= {0}
2019-02-07 17:23:05.149 DEBUG ContenidoDAOImpl.verCategoria:1546 - idContenido= {0} idioma= {1} 
2019-02-07 17:23:05.149 DEBUG ContenidoDAOImpl.verCategoria:1546 - idContenido= {0} idioma= {1} 
2019-02-07 17:23:05.150 DEBUG ContenidoDAOImpl.verCategoria:1567 - QUERY= {0}
2019-02-07 17:23:05.150 DEBUG ContenidoDAOImpl.verCategoria:1567 - QUERY= {0}
2019-02-07 17:23:05.189 DEBUG ContenidoDAOImpl.asignarEtiqueta:1003 - IdContenido= {0} idEtiqueta= {1} 
2019-02-07 17:23:05.189 DEBUG ContenidoDAOImpl.asignarEtiqueta:1003 - IdContenido= {0} idEtiqueta= {1} 
2019-02-07 17:23:05.190 DEBUG ContenidoDAOImpl.asignarEtiqueta:1021 - QUERY= {0}
2019-02-07 17:23:05.190 DEBUG ContenidoDAOImpl.asignarEtiqueta:1021 - QUERY= {0}
2019-02-07 17:23:05.258 DEBUG ContenidoDAOImpl.asignarEtiqueta:1003 - IdContenido= {0} idEtiqueta= {1} 
2019-02-07 17:23:05.258 DEBUG ContenidoDAOImpl.asignarEtiqueta:1003 - IdContenido= {0} idEtiqueta= {1} 
2019-02-07 17:23:05.258 DEBUG ContenidoDAOImpl.asignarEtiqueta:1021 - QUERY= {0}
2019-02-07 17:23:05.258 DEBUG ContenidoDAOImpl.asignarEtiqueta:1021 - QUERY= {0}
2019-02-07 17:23:05.308 DEBUG ContenidoDAOImpl.verEtiquetas:1603 - idEtiqueta= {0} idioma= {1} 
2019-02-07 17:23:05.308 DEBUG ContenidoDAOImpl.verEtiquetas:1603 - idEtiqueta= {0} idioma= {1} 
2019-02-07 17:23:05.308 DEBUG ContenidoDAOImpl.verEtiquetas:1625 - QUERY= {0}
2019-02-07 17:23:05.308 DEBUG ContenidoDAOImpl.verEtiquetas:1625 - QUERY= {0}
2019-02-07 17:23:05.334 DEBUG ContenidoDAOImpl.eliminarEtiqueta:1048 - IdContenido= {0} idEtiqueta= {1} 
2019-02-07 17:23:05.334 DEBUG ContenidoDAOImpl.eliminarEtiqueta:1048 - IdContenido= {0} idEtiqueta= {1} 
2019-02-07 17:23:05.335 DEBUG ContenidoDAOImpl.eliminarEtiqueta:1065 - QUERY= {0}
2019-02-07 17:23:05.335 DEBUG ContenidoDAOImpl.eliminarEtiqueta:1065 - QUERY= {0}
2019-02-07 17:23:05.382 DEBUG ContenidoDAOImpl.verEtiquetas:1603 - idEtiqueta= {0} idioma= {1} 
2019-02-07 17:23:05.382 DEBUG ContenidoDAOImpl.verEtiquetas:1603 - idEtiqueta= {0} idioma= {1} 
2019-02-07 17:23:05.383 DEBUG ContenidoDAOImpl.verEtiquetas:1625 - QUERY= {0}
2019-02-07 17:23:05.383 DEBUG ContenidoDAOImpl.verEtiquetas:1625 - QUERY= {0}
2019-02-07 17:23:05.395 DEBUG ContenidoDAOImpl.findById:159 - Id= {0} 
2019-02-07 17:23:05.395 DEBUG ContenidoDAOImpl.findById:159 - Id= {0} 
2019-02-07 17:23:05.395 DEBUG ContenidoDAOImpl.findById:178 - QUERY= {0}
2019-02-07 17:23:05.395 DEBUG ContenidoDAOImpl.findById:178 - QUERY= {0}
2019-02-07 17:23:05.408 DEBUG ContenidoDAOImpl.delete:687 - Id= {0} 
2019-02-07 17:23:05.408 DEBUG ContenidoDAOImpl.delete:687 - Id= {0} 
2019-02-07 17:23:05.408 DEBUG ContenidoDAOImpl.deleteCategorias:801 - Id= {0} 
2019-02-07 17:23:05.408 DEBUG ContenidoDAOImpl.deleteCategorias:801 - Id= {0} 
2019-02-07 17:23:05.408 DEBUG ContenidoDAOImpl.deleteCategorias:819 - QUERY= {0}
2019-02-07 17:23:05.408 DEBUG ContenidoDAOImpl.deleteCategorias:819 - QUERY= {0}
2019-02-07 17:23:05.409 DEBUG ContenidoDAOImpl.deleteEtiquetas:757 - Id= {0} 
2019-02-07 17:23:05.409 DEBUG ContenidoDAOImpl.deleteEtiquetas:757 - Id= {0} 
2019-02-07 17:23:05.410 DEBUG ContenidoDAOImpl.deleteEtiquetas:773 - QUERY= {0}
2019-02-07 17:23:05.410 DEBUG ContenidoDAOImpl.deleteEtiquetas:773 - QUERY= {0}
2019-02-07 17:23:05.411 DEBUG ContenidoDAOImpl.deleteCategorias:801 - Id= {0} 
2019-02-07 17:23:05.411 DEBUG ContenidoDAOImpl.deleteCategorias:801 - Id= {0} 
2019-02-07 17:23:05.411 DEBUG ContenidoDAOImpl.deleteCategorias:819 - QUERY= {0}
2019-02-07 17:23:05.411 DEBUG ContenidoDAOImpl.deleteCategorias:819 - QUERY= {0}
2019-02-07 17:23:05.412 DEBUG ContenidoDAOImpl.deleteEtiquetas:757 - Id= {0} 
2019-02-07 17:23:05.412 DEBUG ContenidoDAOImpl.deleteEtiquetas:757 - Id= {0} 
2019-02-07 17:23:05.413 DEBUG ContenidoDAOImpl.deleteEtiquetas:773 - QUERY= {0}
2019-02-07 17:23:05.413 DEBUG ContenidoDAOImpl.deleteEtiquetas:773 - QUERY= {0}
2019-02-07 17:23:05.413 DEBUG ContenidoDAOImpl.deleteContenido:712 - Id= {0} 
2019-02-07 17:23:05.413 DEBUG ContenidoDAOImpl.deleteContenido:712 - Id= {0} 
2019-02-07 17:23:05.414 DEBUG ContenidoDAOImpl.deleteContenido:729 - QUERY= {0}
2019-02-07 17:23:05.414 DEBUG ContenidoDAOImpl.deleteContenido:729 - QUERY= {0}
2019-02-07 17:23:05.454 DEBUG ContenidoDAOImpl.findById:159 - Id= {0} 
2019-02-07 17:23:05.454 DEBUG ContenidoDAOImpl.findById:159 - Id= {0} 
2019-02-07 17:23:05.455 DEBUG ContenidoDAOImpl.findById:178 - QUERY= {0}
2019-02-07 17:23:05.455 DEBUG ContenidoDAOImpl.findById:178 - QUERY= {0}
2019-02-07 17:23:05.472 DEBUG ContenidoDAOImpl.delete:687 - Id= {0} 
2019-02-07 17:23:05.472 DEBUG ContenidoDAOImpl.delete:687 - Id= {0} 
2019-02-07 17:23:05.473 DEBUG ContenidoDAOImpl.deleteCategorias:801 - Id= {0} 
2019-02-07 17:23:05.473 DEBUG ContenidoDAOImpl.deleteCategorias:801 - Id= {0} 
2019-02-07 17:23:05.473 DEBUG ContenidoDAOImpl.deleteCategorias:819 - QUERY= {0}
2019-02-07 17:23:05.473 DEBUG ContenidoDAOImpl.deleteCategorias:819 - QUERY= {0}
2019-02-07 17:23:05.504 DEBUG ContenidoDAOImpl.deleteEtiquetas:757 - Id= {0} 
2019-02-07 17:23:05.504 DEBUG ContenidoDAOImpl.deleteEtiquetas:757 - Id= {0} 
2019-02-07 17:23:05.505 DEBUG ContenidoDAOImpl.deleteEtiquetas:773 - QUERY= {0}
2019-02-07 17:23:05.505 DEBUG ContenidoDAOImpl.deleteEtiquetas:773 - QUERY= {0}
2019-02-07 17:23:05.547 DEBUG ContenidoDAOImpl.deleteCategorias:801 - Id= {0} 
2019-02-07 17:23:05.547 DEBUG ContenidoDAOImpl.deleteCategorias:801 - Id= {0} 
2019-02-07 17:23:05.547 DEBUG ContenidoDAOImpl.deleteCategorias:819 - QUERY= {0}
2019-02-07 17:23:05.547 DEBUG ContenidoDAOImpl.deleteCategorias:819 - QUERY= {0}
2019-02-07 17:23:05.548 DEBUG ContenidoDAOImpl.deleteEtiquetas:757 - Id= {0} 
2019-02-07 17:23:05.548 DEBUG ContenidoDAOImpl.deleteEtiquetas:757 - Id= {0} 
2019-02-07 17:23:05.549 DEBUG ContenidoDAOImpl.deleteEtiquetas:773 - QUERY= {0}
2019-02-07 17:23:05.549 DEBUG ContenidoDAOImpl.deleteEtiquetas:773 - QUERY= {0}
2019-02-07 17:23:05.550 DEBUG ContenidoDAOImpl.deleteContenido:712 - Id= {0} 
2019-02-07 17:23:05.550 DEBUG ContenidoDAOImpl.deleteContenido:712 - Id= {0} 
2019-02-07 17:23:05.550 DEBUG ContenidoDAOImpl.deleteContenido:729 - QUERY= {0}
2019-02-07 17:23:05.550 DEBUG ContenidoDAOImpl.deleteContenido:729 - QUERY= {0}
2019-02-07 17:23:05.612 DEBUG ContenidoDAOImpl.findById:159 - Id= {0} 
2019-02-07 17:23:05.612 DEBUG ContenidoDAOImpl.findById:159 - Id= {0} 
2019-02-07 17:23:05.613 DEBUG ContenidoDAOImpl.findById:178 - QUERY= {0}
2019-02-07 17:23:05.613 DEBUG ContenidoDAOImpl.findById:178 - QUERY= {0}
2019-02-07 17:23:05.627 DEBUG ContenidoDAOImpl.delete:687 - Id= {0} 
2019-02-07 17:23:05.627 DEBUG ContenidoDAOImpl.delete:687 - Id= {0} 
2019-02-07 17:23:05.627 DEBUG ContenidoDAOImpl.deleteCategorias:801 - Id= {0} 
2019-02-07 17:23:05.627 DEBUG ContenidoDAOImpl.deleteCategorias:801 - Id= {0} 
2019-02-07 17:23:05.627 DEBUG ContenidoDAOImpl.deleteCategorias:819 - QUERY= {0}
2019-02-07 17:23:05.627 DEBUG ContenidoDAOImpl.deleteCategorias:819 - QUERY= {0}
2019-02-07 17:23:05.628 DEBUG ContenidoDAOImpl.deleteEtiquetas:757 - Id= {0} 
2019-02-07 17:23:05.628 DEBUG ContenidoDAOImpl.deleteEtiquetas:757 - Id= {0} 
2019-02-07 17:23:05.629 DEBUG ContenidoDAOImpl.deleteEtiquetas:773 - QUERY= {0}
2019-02-07 17:23:05.629 DEBUG ContenidoDAOImpl.deleteEtiquetas:773 - QUERY= {0}
2019-02-07 17:23:05.630 DEBUG ContenidoDAOImpl.deleteCategorias:801 - Id= {0} 
2019-02-07 17:23:05.630 DEBUG ContenidoDAOImpl.deleteCategorias:801 - Id= {0} 
2019-02-07 17:23:05.630 DEBUG ContenidoDAOImpl.deleteCategorias:819 - QUERY= {0}
2019-02-07 17:23:05.630 DEBUG ContenidoDAOImpl.deleteCategorias:819 - QUERY= {0}
2019-02-07 17:23:05.631 DEBUG ContenidoDAOImpl.deleteEtiquetas:757 - Id= {0} 
2019-02-07 17:23:05.631 DEBUG ContenidoDAOImpl.deleteEtiquetas:757 - Id= {0} 
2019-02-07 17:23:05.631 DEBUG ContenidoDAOImpl.deleteEtiquetas:773 - QUERY= {0}
2019-02-07 17:23:05.631 DEBUG ContenidoDAOImpl.deleteEtiquetas:773 - QUERY= {0}
2019-02-07 17:23:05.632 DEBUG ContenidoDAOImpl.deleteContenido:712 - Id= {0} 
2019-02-07 17:23:05.632 DEBUG ContenidoDAOImpl.deleteContenido:712 - Id= {0} 
2019-02-07 17:23:05.633 DEBUG ContenidoDAOImpl.deleteContenido:729 - QUERY= {0}
2019-02-07 17:23:05.633 DEBUG ContenidoDAOImpl.deleteContenido:729 - QUERY= {0}
2019-02-07 17:23:05.688 DEBUG ContenidoDAOImpl.findByCriteria:259 - Criteria= {0} 
2019-02-07 17:23:05.688 DEBUG ContenidoDAOImpl.findByCriteria:259 - Criteria= {0} 
2019-02-07 17:23:05.688 DEBUG ContenidoDAOImpl.findByCriteria:340 - QUERY= {0}
2019-02-07 17:23:05.688 DEBUG ContenidoDAOImpl.findByCriteria:340 - QUERY= {0}
2019-02-07 17:23:05.721 DEBUG ContenidoDAOImpl.findByCriteria:259 - Criteria= {0} 
2019-02-07 17:23:05.721 DEBUG ContenidoDAOImpl.findByCriteria:259 - Criteria= {0} 
2019-02-07 17:23:05.722 DEBUG ContenidoDAOImpl.findByCriteria:340 - QUERY= {0}
2019-02-07 17:23:05.722 DEBUG ContenidoDAOImpl.findByCriteria:340 - QUERY= {0}
2019-02-07 17:23:05.752 DEBUG ContenidoDAOImpl.findByCriteria:259 - Criteria= {0} 
2019-02-07 17:23:05.752 DEBUG ContenidoDAOImpl.findByCriteria:259 - Criteria= {0} 
2019-02-07 17:23:05.752 DEBUG ContenidoDAOImpl.findByCriteria:340 - QUERY= {0}
2019-02-07 17:23:05.752 DEBUG ContenidoDAOImpl.findByCriteria:340 - QUERY= {0}
2019-02-07 17:23:05.767 DEBUG ContenidoDAOImpl.findByCriteria:259 - Criteria= {0} 
2019-02-07 17:23:05.767 DEBUG ContenidoDAOImpl.findByCriteria:259 - Criteria= {0} 
2019-02-07 17:23:05.767 DEBUG ContenidoDAOImpl.findByCriteria:340 - QUERY= {0}
2019-02-07 17:23:05.767 DEBUG ContenidoDAOImpl.findByCriteria:340 - QUERY= {0}
2019-02-07 17:23:05.780 DEBUG ContenidoDAOImpl.findByCriteria:259 - Criteria= {0} 
2019-02-07 17:23:05.780 DEBUG ContenidoDAOImpl.findByCriteria:259 - Criteria= {0} 
2019-02-07 17:23:05.781 DEBUG ContenidoDAOImpl.findByCriteria:340 - QUERY= {0}
2019-02-07 17:23:05.781 DEBUG ContenidoDAOImpl.findByCriteria:340 - QUERY= {0}
2019-02-07 17:23:05.797 DEBUG ContenidoDAOImpl.findByCriteria:259 - Criteria= {0} 
2019-02-07 17:23:05.797 DEBUG ContenidoDAOImpl.findByCriteria:259 - Criteria= {0} 
2019-02-07 17:23:05.798 DEBUG ContenidoDAOImpl.findByCriteria:340 - QUERY= {0}
2019-02-07 17:23:05.798 DEBUG ContenidoDAOImpl.findByCriteria:340 - QUERY= {0}
2019-02-07 17:23:05.800 DEBUG ContenidoDAOImpl.filtrarValoracion:402 - Criteria= {0} Contenido= {1} 
2019-02-07 17:23:05.800 DEBUG ContenidoDAOImpl.filtrarValoracion:402 - Criteria= {0} Contenido= {1} 
2019-02-07 17:23:05.800 DEBUG ContenidoDAOImpl.getValoracion:468 - Id= {0} 
2019-02-07 17:23:05.800 DEBUG ContenidoDAOImpl.getValoracion:468 - Id= {0} 
2019-02-07 17:23:05.800 DEBUG ContenidoDAOImpl.getValoracion:485 - QUERY= {0}
2019-02-07 17:23:05.800 DEBUG ContenidoDAOImpl.getValoracion:485 - QUERY= {0}
2019-02-07 17:23:05.810 DEBUG ContenidoDAOImpl.getValoracion:468 - Id= {0} 
2019-02-07 17:23:05.810 DEBUG ContenidoDAOImpl.getValoracion:468 - Id= {0} 
2019-02-07 17:23:05.810 DEBUG ContenidoDAOImpl.getValoracion:485 - QUERY= {0}
2019-02-07 17:23:05.810 DEBUG ContenidoDAOImpl.getValoracion:485 - QUERY= {0}
2019-02-07 17:23:05.812 DEBUG ContenidoDAOImpl.getValoracion:468 - Id= {0} 
2019-02-07 17:23:05.812 DEBUG ContenidoDAOImpl.getValoracion:468 - Id= {0} 
2019-02-07 17:23:05.812 DEBUG ContenidoDAOImpl.getValoracion:485 - QUERY= {0}
2019-02-07 17:23:05.812 DEBUG ContenidoDAOImpl.getValoracion:485 - QUERY= {0}
2019-02-07 17:23:05.813 DEBUG ContenidoDAOImpl.getValoracion:468 - Id= {0} 
2019-02-07 17:23:05.813 DEBUG ContenidoDAOImpl.getValoracion:468 - Id= {0} 
2019-02-07 17:23:05.814 DEBUG ContenidoDAOImpl.getValoracion:485 - QUERY= {0}
2019-02-07 17:23:05.814 DEBUG ContenidoDAOImpl.getValoracion:485 - QUERY= {0}
2019-02-07 17:25:48.177 DEBUG ContenidoDAOImpl.create:537 - Contenido= {0} 
2019-02-07 17:25:48.177 DEBUG ContenidoDAOImpl.create:537 - Contenido= {0} 
2019-02-07 17:25:48.205 DEBUG ContenidoDAOImpl.create:565 - QUERY= {0}
2019-02-07 17:25:48.205 DEBUG ContenidoDAOImpl.create:565 - QUERY= {0}
2019-02-07 17:25:48.411 DEBUG ContenidoDAOImpl.create:537 - Contenido= {0} 
2019-02-07 17:25:48.411 DEBUG ContenidoDAOImpl.create:537 - Contenido= {0} 
2019-02-07 17:25:48.412 DEBUG ContenidoDAOImpl.create:565 - QUERY= {0}
2019-02-07 17:25:48.412 DEBUG ContenidoDAOImpl.create:565 - QUERY= {0}
2019-02-07 17:25:48.480 DEBUG ContenidoDAOImpl.create:537 - Contenido= {0} 
2019-02-07 17:25:48.480 DEBUG ContenidoDAOImpl.create:537 - Contenido= {0} 
2019-02-07 17:25:48.481 DEBUG ContenidoDAOImpl.create:565 - QUERY= {0}
2019-02-07 17:25:48.481 DEBUG ContenidoDAOImpl.create:565 - QUERY= {0}
2019-02-07 17:25:48.523 DEBUG ContenidoDAOImpl.findById:159 - Id= {0} 
2019-02-07 17:25:48.523 DEBUG ContenidoDAOImpl.findById:159 - Id= {0} 
2019-02-07 17:25:48.524 DEBUG ContenidoDAOImpl.findById:178 - QUERY= {0}
2019-02-07 17:25:48.524 DEBUG ContenidoDAOImpl.findById:178 - QUERY= {0}
2019-02-07 17:25:48.540 DEBUG ContenidoDAOImpl.findById:159 - Id= {0} 
2019-02-07 17:25:48.540 DEBUG ContenidoDAOImpl.findById:159 - Id= {0} 
2019-02-07 17:25:48.541 DEBUG ContenidoDAOImpl.findById:178 - QUERY= {0}
2019-02-07 17:25:48.541 DEBUG ContenidoDAOImpl.findById:178 - QUERY= {0}
2019-02-07 17:25:48.570 DEBUG ContenidoDAOImpl.findById:159 - Id= {0} 
2019-02-07 17:25:48.570 DEBUG ContenidoDAOImpl.findById:159 - Id= {0} 
2019-02-07 17:25:48.570 DEBUG ContenidoDAOImpl.findById:178 - QUERY= {0}
2019-02-07 17:25:48.570 DEBUG ContenidoDAOImpl.findById:178 - QUERY= {0}
2019-02-07 17:25:48.586 DEBUG ContenidoDAOImpl.findById:159 - Id= {0} 
2019-02-07 17:25:48.586 DEBUG ContenidoDAOImpl.findById:159 - Id= {0} 
2019-02-07 17:25:48.586 DEBUG ContenidoDAOImpl.findById:178 - QUERY= {0}
2019-02-07 17:25:48.586 DEBUG ContenidoDAOImpl.findById:178 - QUERY= {0}
2019-02-07 17:25:48.604 DEBUG ContenidoDAOImpl.findById:159 - Id= {0} 
2019-02-07 17:25:48.604 DEBUG ContenidoDAOImpl.findById:159 - Id= {0} 
2019-02-07 17:25:48.604 DEBUG ContenidoDAOImpl.findById:178 - QUERY= {0}
2019-02-07 17:25:48.604 DEBUG ContenidoDAOImpl.findById:178 - QUERY= {0}
2019-02-07 17:25:48.605 DEBUG ContenidoDAOImpl.update:599 - Contenido= {0} 
2019-02-07 17:25:48.605 DEBUG ContenidoDAOImpl.update:599 - Contenido= {0} 
2019-02-07 17:25:48.606 DEBUG ContenidoDAOImpl.update:660 - QUERY= {0}
2019-02-07 17:25:48.606 DEBUG ContenidoDAOImpl.update:660 - QUERY= {0}
2019-02-07 17:25:48.684 DEBUG ContenidoDAOImpl.findById:159 - Id= {0} 
2019-02-07 17:25:48.684 DEBUG ContenidoDAOImpl.findById:159 - Id= {0} 
2019-02-07 17:25:48.685 DEBUG ContenidoDAOImpl.findById:178 - QUERY= {0}
2019-02-07 17:25:48.685 DEBUG ContenidoDAOImpl.findById:178 - QUERY= {0}
2019-02-07 17:25:48.702 DEBUG ContenidoDAOImpl.findById:159 - Id= {0} 
2019-02-07 17:25:48.702 DEBUG ContenidoDAOImpl.findById:159 - Id= {0} 
2019-02-07 17:25:48.703 DEBUG ContenidoDAOImpl.findById:178 - QUERY= {0}
2019-02-07 17:25:48.703 DEBUG ContenidoDAOImpl.findById:178 - QUERY= {0}
2019-02-07 17:25:48.717 DEBUG ContenidoDAOImpl.update:599 - Contenido= {0} 
2019-02-07 17:25:48.717 DEBUG ContenidoDAOImpl.update:599 - Contenido= {0} 
2019-02-07 17:25:48.718 DEBUG ContenidoDAOImpl.update:660 - QUERY= {0}
2019-02-07 17:25:48.718 DEBUG ContenidoDAOImpl.update:660 - QUERY= {0}
2019-02-07 17:25:48.766 DEBUG ContenidoDAOImpl.findById:159 - Id= {0} 
2019-02-07 17:25:48.766 DEBUG ContenidoDAOImpl.findById:159 - Id= {0} 
2019-02-07 17:25:48.766 DEBUG ContenidoDAOImpl.findById:178 - QUERY= {0}
2019-02-07 17:25:48.766 DEBUG ContenidoDAOImpl.findById:178 - QUERY= {0}
2019-02-07 17:25:48.782 DEBUG ContenidoDAOImpl.findById:159 - Id= {0} 
2019-02-07 17:25:48.782 DEBUG ContenidoDAOImpl.findById:159 - Id= {0} 
2019-02-07 17:25:48.782 DEBUG ContenidoDAOImpl.findById:178 - QUERY= {0}
2019-02-07 17:25:48.782 DEBUG ContenidoDAOImpl.findById:178 - QUERY= {0}
2019-02-07 17:25:48.809 DEBUG ContenidoDAOImpl.agignarCategoria:896 - IdContenido= {0} IdCategoria= {1} 
2019-02-07 17:25:48.809 DEBUG ContenidoDAOImpl.agignarCategoria:896 - IdContenido= {0} IdCategoria= {1} 
2019-02-07 17:25:48.810 DEBUG ContenidoDAOImpl.agignarCategoria:914 - QUERY= {0}
2019-02-07 17:25:48.810 DEBUG ContenidoDAOImpl.agignarCategoria:914 - QUERY= {0}
2019-02-07 17:25:48.898 DEBUG ContenidoDAOImpl.verCategoria:1546 - idContenido= {0} idioma= {1} 
2019-02-07 17:25:48.898 DEBUG ContenidoDAOImpl.verCategoria:1546 - idContenido= {0} idioma= {1} 
2019-02-07 17:25:48.899 DEBUG ContenidoDAOImpl.verCategoria:1567 - QUERY= {0}
2019-02-07 17:25:48.899 DEBUG ContenidoDAOImpl.verCategoria:1567 - QUERY= {0}
2019-02-07 17:25:48.926 DEBUG ContenidoDAOImpl.modificarCategoria:941 - IdContenido= {0} IdCategoria= {1} 
2019-02-07 17:25:48.926 DEBUG ContenidoDAOImpl.modificarCategoria:941 - IdContenido= {0} IdCategoria= {1} 
2019-02-07 17:25:48.927 DEBUG ContenidoDAOImpl.modificarCategoria:971 - QUERY= {0}
2019-02-07 17:25:48.927 DEBUG ContenidoDAOImpl.modificarCategoria:971 - QUERY= {0}
2019-02-07 17:25:48.985 DEBUG ContenidoDAOImpl.verCategoria:1546 - idContenido= {0} idioma= {1} 
2019-02-07 17:25:48.985 DEBUG ContenidoDAOImpl.verCategoria:1546 - idContenido= {0} idioma= {1} 
2019-02-07 17:25:48.986 DEBUG ContenidoDAOImpl.verCategoria:1567 - QUERY= {0}
2019-02-07 17:25:48.986 DEBUG ContenidoDAOImpl.verCategoria:1567 - QUERY= {0}
2019-02-07 17:25:49.013 DEBUG ContenidoDAOImpl.asignarEtiqueta:1003 - IdContenido= {0} idEtiqueta= {1} 
2019-02-07 17:25:49.013 DEBUG ContenidoDAOImpl.asignarEtiqueta:1003 - IdContenido= {0} idEtiqueta= {1} 
2019-02-07 17:25:49.014 DEBUG ContenidoDAOImpl.asignarEtiqueta:1021 - QUERY= {0}
2019-02-07 17:25:49.014 DEBUG ContenidoDAOImpl.asignarEtiqueta:1021 - QUERY= {0}
2019-02-07 17:25:49.074 DEBUG ContenidoDAOImpl.asignarEtiqueta:1003 - IdContenido= {0} idEtiqueta= {1} 
2019-02-07 17:25:49.074 DEBUG ContenidoDAOImpl.asignarEtiqueta:1003 - IdContenido= {0} idEtiqueta= {1} 
2019-02-07 17:25:49.074 DEBUG ContenidoDAOImpl.asignarEtiqueta:1021 - QUERY= {0}
2019-02-07 17:25:49.074 DEBUG ContenidoDAOImpl.asignarEtiqueta:1021 - QUERY= {0}
2019-02-07 17:25:49.141 DEBUG ContenidoDAOImpl.verEtiquetas:1603 - idEtiqueta= {0} idioma= {1} 
2019-02-07 17:25:49.141 DEBUG ContenidoDAOImpl.verEtiquetas:1603 - idEtiqueta= {0} idioma= {1} 
2019-02-07 17:25:49.142 DEBUG ContenidoDAOImpl.verEtiquetas:1625 - QUERY= {0}
2019-02-07 17:25:49.142 DEBUG ContenidoDAOImpl.verEtiquetas:1625 - QUERY= {0}
2019-02-07 17:25:49.172 DEBUG ContenidoDAOImpl.eliminarEtiqueta:1048 - IdContenido= {0} idEtiqueta= {1} 
2019-02-07 17:25:49.172 DEBUG ContenidoDAOImpl.eliminarEtiqueta:1048 - IdContenido= {0} idEtiqueta= {1} 
2019-02-07 17:25:49.172 DEBUG ContenidoDAOImpl.eliminarEtiqueta:1065 - QUERY= {0}
2019-02-07 17:25:49.172 DEBUG ContenidoDAOImpl.eliminarEtiqueta:1065 - QUERY= {0}
2019-02-07 17:25:49.215 DEBUG ContenidoDAOImpl.verEtiquetas:1603 - idEtiqueta= {0} idioma= {1} 
2019-02-07 17:25:49.215 DEBUG ContenidoDAOImpl.verEtiquetas:1603 - idEtiqueta= {0} idioma= {1} 
2019-02-07 17:25:49.215 DEBUG ContenidoDAOImpl.verEtiquetas:1625 - QUERY= {0}
2019-02-07 17:25:49.215 DEBUG ContenidoDAOImpl.verEtiquetas:1625 - QUERY= {0}
2019-02-07 17:25:49.229 DEBUG ContenidoDAOImpl.findById:159 - Id= {0} 
2019-02-07 17:25:49.229 DEBUG ContenidoDAOImpl.findById:159 - Id= {0} 
2019-02-07 17:25:49.229 DEBUG ContenidoDAOImpl.findById:178 - QUERY= {0}
2019-02-07 17:25:49.229 DEBUG ContenidoDAOImpl.findById:178 - QUERY= {0}
2019-02-07 17:25:49.240 DEBUG ContenidoDAOImpl.delete:687 - Id= {0} 
2019-02-07 17:25:49.240 DEBUG ContenidoDAOImpl.delete:687 - Id= {0} 
2019-02-07 17:25:49.240 DEBUG ContenidoDAOImpl.deleteCategorias:801 - Id= {0} 
2019-02-07 17:25:49.240 DEBUG ContenidoDAOImpl.deleteCategorias:801 - Id= {0} 
2019-02-07 17:25:49.241 DEBUG ContenidoDAOImpl.deleteCategorias:819 - QUERY= {0}
2019-02-07 17:25:49.241 DEBUG ContenidoDAOImpl.deleteCategorias:819 - QUERY= {0}
2019-02-07 17:25:49.242 DEBUG ContenidoDAOImpl.deleteEtiquetas:757 - Id= {0} 
2019-02-07 17:25:49.242 DEBUG ContenidoDAOImpl.deleteEtiquetas:757 - Id= {0} 
2019-02-07 17:25:49.242 DEBUG ContenidoDAOImpl.deleteEtiquetas:773 - QUERY= {0}
2019-02-07 17:25:49.242 DEBUG ContenidoDAOImpl.deleteEtiquetas:773 - QUERY= {0}
2019-02-07 17:25:49.243 DEBUG ContenidoDAOImpl.deleteCategorias:801 - Id= {0} 
2019-02-07 17:25:49.243 DEBUG ContenidoDAOImpl.deleteCategorias:801 - Id= {0} 
2019-02-07 17:25:49.243 DEBUG ContenidoDAOImpl.deleteCategorias:819 - QUERY= {0}
2019-02-07 17:25:49.243 DEBUG ContenidoDAOImpl.deleteCategorias:819 - QUERY= {0}
2019-02-07 17:25:49.244 DEBUG ContenidoDAOImpl.deleteEtiquetas:757 - Id= {0} 
2019-02-07 17:25:49.244 DEBUG ContenidoDAOImpl.deleteEtiquetas:757 - Id= {0} 
2019-02-07 17:25:49.245 DEBUG ContenidoDAOImpl.deleteEtiquetas:773 - QUERY= {0}
2019-02-07 17:25:49.245 DEBUG ContenidoDAOImpl.deleteEtiquetas:773 - QUERY= {0}
2019-02-07 17:25:49.245 DEBUG ContenidoDAOImpl.deleteContenido:712 - Id= {0} 
2019-02-07 17:25:49.245 DEBUG ContenidoDAOImpl.deleteContenido:712 - Id= {0} 
2019-02-07 17:25:49.246 DEBUG ContenidoDAOImpl.deleteContenido:729 - QUERY= {0}
2019-02-07 17:25:49.246 DEBUG ContenidoDAOImpl.deleteContenido:729 - QUERY= {0}
2019-02-07 17:25:49.309 DEBUG ContenidoDAOImpl.findById:159 - Id= {0} 
2019-02-07 17:25:49.309 DEBUG ContenidoDAOImpl.findById:159 - Id= {0} 
2019-02-07 17:25:49.309 DEBUG ContenidoDAOImpl.findById:178 - QUERY= {0}
2019-02-07 17:25:49.309 DEBUG ContenidoDAOImpl.findById:178 - QUERY= {0}
2019-02-07 17:25:49.324 DEBUG ContenidoDAOImpl.delete:687 - Id= {0} 
2019-02-07 17:25:49.324 DEBUG ContenidoDAOImpl.delete:687 - Id= {0} 
2019-02-07 17:25:49.324 DEBUG ContenidoDAOImpl.deleteCategorias:801 - Id= {0} 
2019-02-07 17:25:49.324 DEBUG ContenidoDAOImpl.deleteCategorias:801 - Id= {0} 
2019-02-07 17:25:49.325 DEBUG ContenidoDAOImpl.deleteCategorias:819 - QUERY= {0}
2019-02-07 17:25:49.325 DEBUG ContenidoDAOImpl.deleteCategorias:819 - QUERY= {0}
2019-02-07 17:25:49.363 DEBUG ContenidoDAOImpl.deleteEtiquetas:757 - Id= {0} 
2019-02-07 17:25:49.363 DEBUG ContenidoDAOImpl.deleteEtiquetas:757 - Id= {0} 
2019-02-07 17:25:49.364 DEBUG ContenidoDAOImpl.deleteEtiquetas:773 - QUERY= {0}
2019-02-07 17:25:49.364 DEBUG ContenidoDAOImpl.deleteEtiquetas:773 - QUERY= {0}
2019-02-07 17:25:49.406 DEBUG ContenidoDAOImpl.deleteCategorias:801 - Id= {0} 
2019-02-07 17:25:49.406 DEBUG ContenidoDAOImpl.deleteCategorias:801 - Id= {0} 
2019-02-07 17:25:49.407 DEBUG ContenidoDAOImpl.deleteCategorias:819 - QUERY= {0}
2019-02-07 17:25:49.407 DEBUG ContenidoDAOImpl.deleteCategorias:819 - QUERY= {0}
2019-02-07 17:25:49.408 DEBUG ContenidoDAOImpl.deleteEtiquetas:757 - Id= {0} 
2019-02-07 17:25:49.408 DEBUG ContenidoDAOImpl.deleteEtiquetas:757 - Id= {0} 
2019-02-07 17:25:49.409 DEBUG ContenidoDAOImpl.deleteEtiquetas:773 - QUERY= {0}
2019-02-07 17:25:49.409 DEBUG ContenidoDAOImpl.deleteEtiquetas:773 - QUERY= {0}
2019-02-07 17:25:49.410 DEBUG ContenidoDAOImpl.deleteContenido:712 - Id= {0} 
2019-02-07 17:25:49.410 DEBUG ContenidoDAOImpl.deleteContenido:712 - Id= {0} 
2019-02-07 17:25:49.411 DEBUG ContenidoDAOImpl.deleteContenido:729 - QUERY= {0}
2019-02-07 17:25:49.411 DEBUG ContenidoDAOImpl.deleteContenido:729 - QUERY= {0}
2019-02-07 17:25:49.459 DEBUG ContenidoDAOImpl.findById:159 - Id= {0} 
2019-02-07 17:25:49.459 DEBUG ContenidoDAOImpl.findById:159 - Id= {0} 
2019-02-07 17:25:49.460 DEBUG ContenidoDAOImpl.findById:178 - QUERY= {0}
2019-02-07 17:25:49.460 DEBUG ContenidoDAOImpl.findById:178 - QUERY= {0}
2019-02-07 17:25:49.473 DEBUG ContenidoDAOImpl.delete:687 - Id= {0} 
2019-02-07 17:25:49.473 DEBUG ContenidoDAOImpl.delete:687 - Id= {0} 
2019-02-07 17:25:49.474 DEBUG ContenidoDAOImpl.deleteCategorias:801 - Id= {0} 
2019-02-07 17:25:49.474 DEBUG ContenidoDAOImpl.deleteCategorias:801 - Id= {0} 
2019-02-07 17:25:49.474 DEBUG ContenidoDAOImpl.deleteCategorias:819 - QUERY= {0}
2019-02-07 17:25:49.474 DEBUG ContenidoDAOImpl.deleteCategorias:819 - QUERY= {0}
2019-02-07 17:25:49.475 DEBUG ContenidoDAOImpl.deleteEtiquetas:757 - Id= {0} 
2019-02-07 17:25:49.475 DEBUG ContenidoDAOImpl.deleteEtiquetas:757 - Id= {0} 
2019-02-07 17:25:49.475 DEBUG ContenidoDAOImpl.deleteEtiquetas:773 - QUERY= {0}
2019-02-07 17:25:49.475 DEBUG ContenidoDAOImpl.deleteEtiquetas:773 - QUERY= {0}
2019-02-07 17:25:49.476 DEBUG ContenidoDAOImpl.deleteCategorias:801 - Id= {0} 
2019-02-07 17:25:49.476 DEBUG ContenidoDAOImpl.deleteCategorias:801 - Id= {0} 
2019-02-07 17:25:49.476 DEBUG ContenidoDAOImpl.deleteCategorias:819 - QUERY= {0}
2019-02-07 17:25:49.476 DEBUG ContenidoDAOImpl.deleteCategorias:819 - QUERY= {0}
2019-02-07 17:25:49.477 DEBUG ContenidoDAOImpl.deleteEtiquetas:757 - Id= {0} 
2019-02-07 17:25:49.477 DEBUG ContenidoDAOImpl.deleteEtiquetas:757 - Id= {0} 
2019-02-07 17:25:49.478 DEBUG ContenidoDAOImpl.deleteEtiquetas:773 - QUERY= {0}
2019-02-07 17:25:49.478 DEBUG ContenidoDAOImpl.deleteEtiquetas:773 - QUERY= {0}
2019-02-07 17:25:49.479 DEBUG ContenidoDAOImpl.deleteContenido:712 - Id= {0} 
2019-02-07 17:25:49.479 DEBUG ContenidoDAOImpl.deleteContenido:712 - Id= {0} 
2019-02-07 17:25:49.479 DEBUG ContenidoDAOImpl.deleteContenido:729 - QUERY= {0}
2019-02-07 17:25:49.479 DEBUG ContenidoDAOImpl.deleteContenido:729 - QUERY= {0}
2019-02-07 17:25:49.525 DEBUG ContenidoDAOImpl.findByCriteria:259 - Criteria= {0} 
2019-02-07 17:25:49.525 DEBUG ContenidoDAOImpl.findByCriteria:259 - Criteria= {0} 
2019-02-07 17:25:49.526 DEBUG ContenidoDAOImpl.findByCriteria:340 - QUERY= {0}
2019-02-07 17:25:49.526 DEBUG ContenidoDAOImpl.findByCriteria:340 - QUERY= {0}
2019-02-07 17:25:49.556 DEBUG ContenidoDAOImpl.findByCriteria:259 - Criteria= {0} 
2019-02-07 17:25:49.556 DEBUG ContenidoDAOImpl.findByCriteria:259 - Criteria= {0} 
2019-02-07 17:25:49.557 DEBUG ContenidoDAOImpl.findByCriteria:340 - QUERY= {0}
2019-02-07 17:25:49.557 DEBUG ContenidoDAOImpl.findByCriteria:340 - QUERY= {0}
2019-02-07 17:25:49.570 DEBUG ContenidoDAOImpl.findByCriteria:259 - Criteria= {0} 
2019-02-07 17:25:49.570 DEBUG ContenidoDAOImpl.findByCriteria:259 - Criteria= {0} 
2019-02-07 17:25:49.571 DEBUG ContenidoDAOImpl.findByCriteria:340 - QUERY= {0}
2019-02-07 17:25:49.571 DEBUG ContenidoDAOImpl.findByCriteria:340 - QUERY= {0}
2019-02-07 17:25:49.584 DEBUG ContenidoDAOImpl.findByCriteria:259 - Criteria= {0} 
2019-02-07 17:25:49.584 DEBUG ContenidoDAOImpl.findByCriteria:259 - Criteria= {0} 
2019-02-07 17:25:49.585 DEBUG ContenidoDAOImpl.findByCriteria:340 - QUERY= {0}
2019-02-07 17:25:49.585 DEBUG ContenidoDAOImpl.findByCriteria:340 - QUERY= {0}
2019-02-07 17:25:49.597 DEBUG ContenidoDAOImpl.findByCriteria:259 - Criteria= {0} 
2019-02-07 17:25:49.597 DEBUG ContenidoDAOImpl.findByCriteria:259 - Criteria= {0} 
2019-02-07 17:25:49.598 DEBUG ContenidoDAOImpl.findByCriteria:340 - QUERY= {0}
2019-02-07 17:25:49.598 DEBUG ContenidoDAOImpl.findByCriteria:340 - QUERY= {0}
2019-02-07 17:25:49.611 DEBUG ContenidoDAOImpl.findByCriteria:259 - Criteria= {0} 
2019-02-07 17:25:49.611 DEBUG ContenidoDAOImpl.findByCriteria:259 - Criteria= {0} 
2019-02-07 17:25:49.612 DEBUG ContenidoDAOImpl.findByCriteria:340 - QUERY= {0}
2019-02-07 17:25:49.612 DEBUG ContenidoDAOImpl.findByCriteria:340 - QUERY= {0}
2019-02-07 17:25:49.613 DEBUG ContenidoDAOImpl.filtrarValoracion:402 - Criteria= {0} Contenido= {1} 
2019-02-07 17:25:49.613 DEBUG ContenidoDAOImpl.filtrarValoracion:402 - Criteria= {0} Contenido= {1} 
2019-02-07 17:25:49.614 DEBUG ContenidoDAOImpl.getValoracion:468 - Id= {0} 
2019-02-07 17:25:49.614 DEBUG ContenidoDAOImpl.getValoracion:468 - Id= {0} 
2019-02-07 17:25:49.614 DEBUG ContenidoDAOImpl.getValoracion:485 - QUERY= {0}
2019-02-07 17:25:49.614 DEBUG ContenidoDAOImpl.getValoracion:485 - QUERY= {0}
2019-02-07 17:25:49.617 DEBUG ContenidoDAOImpl.getValoracion:468 - Id= {0} 
2019-02-07 17:25:49.617 DEBUG ContenidoDAOImpl.getValoracion:468 - Id= {0} 
2019-02-07 17:25:49.617 DEBUG ContenidoDAOImpl.getValoracion:485 - QUERY= {0}
2019-02-07 17:25:49.617 DEBUG ContenidoDAOImpl.getValoracion:485 - QUERY= {0}
2019-02-07 17:25:49.618 DEBUG ContenidoDAOImpl.getValoracion:468 - Id= {0} 
2019-02-07 17:25:49.618 DEBUG ContenidoDAOImpl.getValoracion:468 - Id= {0} 
2019-02-07 17:25:49.619 DEBUG ContenidoDAOImpl.getValoracion:485 - QUERY= {0}
2019-02-07 17:25:49.619 DEBUG ContenidoDAOImpl.getValoracion:485 - QUERY= {0}
2019-02-07 17:25:49.620 DEBUG ContenidoDAOImpl.getValoracion:468 - Id= {0} 
2019-02-07 17:25:49.620 DEBUG ContenidoDAOImpl.getValoracion:468 - Id= {0} 
2019-02-07 17:25:49.620 DEBUG ContenidoDAOImpl.getValoracion:485 - QUERY= {0}
2019-02-07 17:25:49.620 DEBUG ContenidoDAOImpl.getValoracion:485 - QUERY= {0}
2019-02-07 17:26:32.597 DEBUG ContenidoDAOImpl.create:537 - Contenido= {0} 
2019-02-07 17:26:32.597 DEBUG ContenidoDAOImpl.create:537 - Contenido= {0} 
2019-02-07 17:26:32.625 DEBUG ContenidoDAOImpl.create:565 - QUERY= {0}
2019-02-07 17:26:32.625 DEBUG ContenidoDAOImpl.create:565 - QUERY= {0}
2019-02-07 17:26:32.771 DEBUG ContenidoDAOImpl.create:537 - Contenido= {0} 
2019-02-07 17:26:32.771 DEBUG ContenidoDAOImpl.create:537 - Contenido= {0} 
2019-02-07 17:26:32.772 DEBUG ContenidoDAOImpl.create:565 - QUERY= {0}
2019-02-07 17:26:32.772 DEBUG ContenidoDAOImpl.create:565 - QUERY= {0}
2019-02-07 17:26:32.836 DEBUG ContenidoDAOImpl.create:537 - Contenido= {0} 
2019-02-07 17:26:32.836 DEBUG ContenidoDAOImpl.create:537 - Contenido= {0} 
2019-02-07 17:26:32.837 DEBUG ContenidoDAOImpl.create:565 - QUERY= {0}
2019-02-07 17:26:32.837 DEBUG ContenidoDAOImpl.create:565 - QUERY= {0}
2019-02-07 17:26:32.885 DEBUG ContenidoDAOImpl.findById:159 - Id= {0} 
2019-02-07 17:26:32.885 DEBUG ContenidoDAOImpl.findById:159 - Id= {0} 
2019-02-07 17:26:32.886 DEBUG ContenidoDAOImpl.findById:178 - QUERY= {0}
2019-02-07 17:26:32.886 DEBUG ContenidoDAOImpl.findById:178 - QUERY= {0}
2019-02-07 17:26:32.902 DEBUG ContenidoDAOImpl.findById:159 - Id= {0} 
2019-02-07 17:26:32.902 DEBUG ContenidoDAOImpl.findById:159 - Id= {0} 
2019-02-07 17:26:32.902 DEBUG ContenidoDAOImpl.findById:178 - QUERY= {0}
2019-02-07 17:26:32.902 DEBUG ContenidoDAOImpl.findById:178 - QUERY= {0}
2019-02-07 17:26:32.932 DEBUG ContenidoDAOImpl.findById:159 - Id= {0} 
2019-02-07 17:26:32.932 DEBUG ContenidoDAOImpl.findById:159 - Id= {0} 
2019-02-07 17:26:32.933 DEBUG ContenidoDAOImpl.findById:178 - QUERY= {0}
2019-02-07 17:26:32.933 DEBUG ContenidoDAOImpl.findById:178 - QUERY= {0}
2019-02-07 17:26:32.948 DEBUG ContenidoDAOImpl.findById:159 - Id= {0} 
2019-02-07 17:26:32.948 DEBUG ContenidoDAOImpl.findById:159 - Id= {0} 
2019-02-07 17:26:32.949 DEBUG ContenidoDAOImpl.findById:178 - QUERY= {0}
2019-02-07 17:26:32.949 DEBUG ContenidoDAOImpl.findById:178 - QUERY= {0}
2019-02-07 17:26:32.964 DEBUG ContenidoDAOImpl.findById:159 - Id= {0} 
2019-02-07 17:26:32.964 DEBUG ContenidoDAOImpl.findById:159 - Id= {0} 
2019-02-07 17:26:32.965 DEBUG ContenidoDAOImpl.findById:178 - QUERY= {0}
2019-02-07 17:26:32.965 DEBUG ContenidoDAOImpl.findById:178 - QUERY= {0}
2019-02-07 17:26:32.966 DEBUG ContenidoDAOImpl.update:599 - Contenido= {0} 
2019-02-07 17:26:32.966 DEBUG ContenidoDAOImpl.update:599 - Contenido= {0} 
2019-02-07 17:26:32.967 DEBUG ContenidoDAOImpl.update:660 - QUERY= {0}
2019-02-07 17:26:32.967 DEBUG ContenidoDAOImpl.update:660 - QUERY= {0}
2019-02-07 17:26:33.031 DEBUG ContenidoDAOImpl.findById:159 - Id= {0} 
2019-02-07 17:26:33.031 DEBUG ContenidoDAOImpl.findById:159 - Id= {0} 
2019-02-07 17:26:33.032 DEBUG ContenidoDAOImpl.findById:178 - QUERY= {0}
2019-02-07 17:26:33.032 DEBUG ContenidoDAOImpl.findById:178 - QUERY= {0}
2019-02-07 17:26:33.047 DEBUG ContenidoDAOImpl.findById:159 - Id= {0} 
2019-02-07 17:26:33.047 DEBUG ContenidoDAOImpl.findById:159 - Id= {0} 
2019-02-07 17:26:33.048 DEBUG ContenidoDAOImpl.findById:178 - QUERY= {0}
2019-02-07 17:26:33.048 DEBUG ContenidoDAOImpl.findById:178 - QUERY= {0}
2019-02-07 17:26:33.062 DEBUG ContenidoDAOImpl.update:599 - Contenido= {0} 
2019-02-07 17:26:33.062 DEBUG ContenidoDAOImpl.update:599 - Contenido= {0} 
2019-02-07 17:26:33.063 DEBUG ContenidoDAOImpl.update:660 - QUERY= {0}
2019-02-07 17:26:33.063 DEBUG ContenidoDAOImpl.update:660 - QUERY= {0}
2019-02-07 17:26:33.119 DEBUG ContenidoDAOImpl.findById:159 - Id= {0} 
2019-02-07 17:26:33.119 DEBUG ContenidoDAOImpl.findById:159 - Id= {0} 
2019-02-07 17:26:33.120 DEBUG ContenidoDAOImpl.findById:178 - QUERY= {0}
2019-02-07 17:26:33.120 DEBUG ContenidoDAOImpl.findById:178 - QUERY= {0}
2019-02-07 17:26:33.138 DEBUG ContenidoDAOImpl.findById:159 - Id= {0} 
2019-02-07 17:26:33.138 DEBUG ContenidoDAOImpl.findById:159 - Id= {0} 
2019-02-07 17:26:33.139 DEBUG ContenidoDAOImpl.findById:178 - QUERY= {0}
2019-02-07 17:26:33.139 DEBUG ContenidoDAOImpl.findById:178 - QUERY= {0}
2019-02-07 17:26:33.167 DEBUG ContenidoDAOImpl.agignarCategoria:896 - IdContenido= {0} IdCategoria= {1} 
2019-02-07 17:26:33.167 DEBUG ContenidoDAOImpl.agignarCategoria:896 - IdContenido= {0} IdCategoria= {1} 
2019-02-07 17:26:33.168 DEBUG ContenidoDAOImpl.agignarCategoria:914 - QUERY= {0}
2019-02-07 17:26:33.168 DEBUG ContenidoDAOImpl.agignarCategoria:914 - QUERY= {0}
2019-02-07 17:26:33.238 DEBUG ContenidoDAOImpl.verCategoria:1546 - idContenido= {0} idioma= {1} 
2019-02-07 17:26:33.238 DEBUG ContenidoDAOImpl.verCategoria:1546 - idContenido= {0} idioma= {1} 
2019-02-07 17:26:33.239 DEBUG ContenidoDAOImpl.verCategoria:1567 - QUERY= {0}
2019-02-07 17:26:33.239 DEBUG ContenidoDAOImpl.verCategoria:1567 - QUERY= {0}
2019-02-07 17:26:33.270 DEBUG ContenidoDAOImpl.modificarCategoria:941 - IdContenido= {0} IdCategoria= {1} 
2019-02-07 17:26:33.270 DEBUG ContenidoDAOImpl.modificarCategoria:941 - IdContenido= {0} IdCategoria= {1} 
2019-02-07 17:26:33.271 DEBUG ContenidoDAOImpl.modificarCategoria:971 - QUERY= {0}
2019-02-07 17:26:33.271 DEBUG ContenidoDAOImpl.modificarCategoria:971 - QUERY= {0}
2019-02-07 17:26:33.332 DEBUG ContenidoDAOImpl.verCategoria:1546 - idContenido= {0} idioma= {1} 
2019-02-07 17:26:33.332 DEBUG ContenidoDAOImpl.verCategoria:1546 - idContenido= {0} idioma= {1} 
2019-02-07 17:26:33.332 DEBUG ContenidoDAOImpl.verCategoria:1567 - QUERY= {0}
2019-02-07 17:26:33.332 DEBUG ContenidoDAOImpl.verCategoria:1567 - QUERY= {0}
2019-02-07 17:26:33.360 DEBUG ContenidoDAOImpl.asignarEtiqueta:1003 - IdContenido= {0} idEtiqueta= {1} 
2019-02-07 17:26:33.360 DEBUG ContenidoDAOImpl.asignarEtiqueta:1003 - IdContenido= {0} idEtiqueta= {1} 
2019-02-07 17:26:33.361 DEBUG ContenidoDAOImpl.asignarEtiqueta:1021 - QUERY= {0}
2019-02-07 17:26:33.361 DEBUG ContenidoDAOImpl.asignarEtiqueta:1021 - QUERY= {0}
2019-02-07 17:26:33.423 DEBUG ContenidoDAOImpl.asignarEtiqueta:1003 - IdContenido= {0} idEtiqueta= {1} 
2019-02-07 17:26:33.423 DEBUG ContenidoDAOImpl.asignarEtiqueta:1003 - IdContenido= {0} idEtiqueta= {1} 
2019-02-07 17:26:33.424 DEBUG ContenidoDAOImpl.asignarEtiqueta:1021 - QUERY= {0}
2019-02-07 17:26:33.424 DEBUG ContenidoDAOImpl.asignarEtiqueta:1021 - QUERY= {0}
2019-02-07 17:26:33.472 DEBUG ContenidoDAOImpl.verEtiquetas:1603 - idEtiqueta= {0} idioma= {1} 
2019-02-07 17:26:33.472 DEBUG ContenidoDAOImpl.verEtiquetas:1603 - idEtiqueta= {0} idioma= {1} 
2019-02-07 17:26:33.473 DEBUG ContenidoDAOImpl.verEtiquetas:1625 - QUERY= {0}
2019-02-07 17:26:33.473 DEBUG ContenidoDAOImpl.verEtiquetas:1625 - QUERY= {0}
2019-02-07 17:26:33.498 DEBUG ContenidoDAOImpl.eliminarEtiqueta:1048 - IdContenido= {0} idEtiqueta= {1} 
2019-02-07 17:26:33.498 DEBUG ContenidoDAOImpl.eliminarEtiqueta:1048 - IdContenido= {0} idEtiqueta= {1} 
2019-02-07 17:26:33.499 DEBUG ContenidoDAOImpl.eliminarEtiqueta:1065 - QUERY= {0}
2019-02-07 17:26:33.499 DEBUG ContenidoDAOImpl.eliminarEtiqueta:1065 - QUERY= {0}
2019-02-07 17:26:33.549 DEBUG ContenidoDAOImpl.verEtiquetas:1603 - idEtiqueta= {0} idioma= {1} 
2019-02-07 17:26:33.549 DEBUG ContenidoDAOImpl.verEtiquetas:1603 - idEtiqueta= {0} idioma= {1} 
2019-02-07 17:26:33.550 DEBUG ContenidoDAOImpl.verEtiquetas:1625 - QUERY= {0}
2019-02-07 17:26:33.550 DEBUG ContenidoDAOImpl.verEtiquetas:1625 - QUERY= {0}
2019-02-07 17:26:33.563 DEBUG ContenidoDAOImpl.findById:159 - Id= {0} 
2019-02-07 17:26:33.563 DEBUG ContenidoDAOImpl.findById:159 - Id= {0} 
2019-02-07 17:26:33.564 DEBUG ContenidoDAOImpl.findById:178 - QUERY= {0}
2019-02-07 17:26:33.564 DEBUG ContenidoDAOImpl.findById:178 - QUERY= {0}
2019-02-07 17:26:33.575 DEBUG ContenidoDAOImpl.delete:687 - Id= {0} 
2019-02-07 17:26:33.575 DEBUG ContenidoDAOImpl.delete:687 - Id= {0} 
2019-02-07 17:26:33.575 DEBUG ContenidoDAOImpl.deleteCategorias:801 - Id= {0} 
2019-02-07 17:26:33.575 DEBUG ContenidoDAOImpl.deleteCategorias:801 - Id= {0} 
2019-02-07 17:26:33.576 DEBUG ContenidoDAOImpl.deleteCategorias:819 - QUERY= {0}
2019-02-07 17:26:33.576 DEBUG ContenidoDAOImpl.deleteCategorias:819 - QUERY= {0}
2019-02-07 17:26:33.577 DEBUG ContenidoDAOImpl.deleteEtiquetas:757 - Id= {0} 
2019-02-07 17:26:33.577 DEBUG ContenidoDAOImpl.deleteEtiquetas:757 - Id= {0} 
2019-02-07 17:26:33.577 DEBUG ContenidoDAOImpl.deleteEtiquetas:773 - QUERY= {0}
2019-02-07 17:26:33.577 DEBUG ContenidoDAOImpl.deleteEtiquetas:773 - QUERY= {0}
2019-02-07 17:26:33.578 DEBUG ContenidoDAOImpl.deleteCategorias:801 - Id= {0} 
2019-02-07 17:26:33.578 DEBUG ContenidoDAOImpl.deleteCategorias:801 - Id= {0} 
2019-02-07 17:26:33.578 DEBUG ContenidoDAOImpl.deleteCategorias:819 - QUERY= {0}
2019-02-07 17:26:33.578 DEBUG ContenidoDAOImpl.deleteCategorias:819 - QUERY= {0}
2019-02-07 17:26:33.579 DEBUG ContenidoDAOImpl.deleteEtiquetas:757 - Id= {0} 
2019-02-07 17:26:33.579 DEBUG ContenidoDAOImpl.deleteEtiquetas:757 - Id= {0} 
2019-02-07 17:26:33.579 DEBUG ContenidoDAOImpl.deleteEtiquetas:773 - QUERY= {0}
2019-02-07 17:26:33.579 DEBUG ContenidoDAOImpl.deleteEtiquetas:773 - QUERY= {0}
2019-02-07 17:26:33.580 DEBUG ContenidoDAOImpl.deleteContenido:712 - Id= {0} 
2019-02-07 17:26:33.580 DEBUG ContenidoDAOImpl.deleteContenido:712 - Id= {0} 
2019-02-07 17:26:33.580 DEBUG ContenidoDAOImpl.deleteContenido:729 - QUERY= {0}
2019-02-07 17:26:33.580 DEBUG ContenidoDAOImpl.deleteContenido:729 - QUERY= {0}
2019-02-07 17:26:33.633 DEBUG ContenidoDAOImpl.findById:159 - Id= {0} 
2019-02-07 17:26:33.633 DEBUG ContenidoDAOImpl.findById:159 - Id= {0} 
2019-02-07 17:26:33.633 DEBUG ContenidoDAOImpl.findById:178 - QUERY= {0}
2019-02-07 17:26:33.633 DEBUG ContenidoDAOImpl.findById:178 - QUERY= {0}
2019-02-07 17:26:33.647 DEBUG ContenidoDAOImpl.delete:687 - Id= {0} 
2019-02-07 17:26:33.647 DEBUG ContenidoDAOImpl.delete:687 - Id= {0} 
2019-02-07 17:26:33.647 DEBUG ContenidoDAOImpl.deleteCategorias:801 - Id= {0} 
2019-02-07 17:26:33.647 DEBUG ContenidoDAOImpl.deleteCategorias:801 - Id= {0} 
2019-02-07 17:26:33.648 DEBUG ContenidoDAOImpl.deleteCategorias:819 - QUERY= {0}
2019-02-07 17:26:33.648 DEBUG ContenidoDAOImpl.deleteCategorias:819 - QUERY= {0}
2019-02-07 17:26:33.691 DEBUG ContenidoDAOImpl.deleteEtiquetas:757 - Id= {0} 
2019-02-07 17:26:33.691 DEBUG ContenidoDAOImpl.deleteEtiquetas:757 - Id= {0} 
2019-02-07 17:26:33.692 DEBUG ContenidoDAOImpl.deleteEtiquetas:773 - QUERY= {0}
2019-02-07 17:26:33.692 DEBUG ContenidoDAOImpl.deleteEtiquetas:773 - QUERY= {0}
2019-02-07 17:26:33.782 DEBUG ContenidoDAOImpl.deleteCategorias:801 - Id= {0} 
2019-02-07 17:26:33.782 DEBUG ContenidoDAOImpl.deleteCategorias:801 - Id= {0} 
2019-02-07 17:26:33.783 DEBUG ContenidoDAOImpl.deleteCategorias:819 - QUERY= {0}
2019-02-07 17:26:33.783 DEBUG ContenidoDAOImpl.deleteCategorias:819 - QUERY= {0}
2019-02-07 17:26:33.784 DEBUG ContenidoDAOImpl.deleteEtiquetas:757 - Id= {0} 
2019-02-07 17:26:33.784 DEBUG ContenidoDAOImpl.deleteEtiquetas:757 - Id= {0} 
2019-02-07 17:26:33.785 DEBUG ContenidoDAOImpl.deleteEtiquetas:773 - QUERY= {0}
2019-02-07 17:26:33.785 DEBUG ContenidoDAOImpl.deleteEtiquetas:773 - QUERY= {0}
2019-02-07 17:26:33.785 DEBUG ContenidoDAOImpl.deleteContenido:712 - Id= {0} 
2019-02-07 17:26:33.785 DEBUG ContenidoDAOImpl.deleteContenido:712 - Id= {0} 
2019-02-07 17:26:33.785 DEBUG ContenidoDAOImpl.deleteContenido:729 - QUERY= {0}
2019-02-07 17:26:33.785 DEBUG ContenidoDAOImpl.deleteContenido:729 - QUERY= {0}
2019-02-07 17:26:33.873 DEBUG ContenidoDAOImpl.findById:159 - Id= {0} 
2019-02-07 17:26:33.873 DEBUG ContenidoDAOImpl.findById:159 - Id= {0} 
2019-02-07 17:26:33.874 DEBUG ContenidoDAOImpl.findById:178 - QUERY= {0}
2019-02-07 17:26:33.874 DEBUG ContenidoDAOImpl.findById:178 - QUERY= {0}
2019-02-07 17:26:33.889 DEBUG ContenidoDAOImpl.delete:687 - Id= {0} 
2019-02-07 17:26:33.889 DEBUG ContenidoDAOImpl.delete:687 - Id= {0} 
2019-02-07 17:26:33.889 DEBUG ContenidoDAOImpl.deleteCategorias:801 - Id= {0} 
2019-02-07 17:26:33.889 DEBUG ContenidoDAOImpl.deleteCategorias:801 - Id= {0} 
2019-02-07 17:26:33.889 DEBUG ContenidoDAOImpl.deleteCategorias:819 - QUERY= {0}
2019-02-07 17:26:33.889 DEBUG ContenidoDAOImpl.deleteCategorias:819 - QUERY= {0}
2019-02-07 17:26:33.890 DEBUG ContenidoDAOImpl.deleteEtiquetas:757 - Id= {0} 
2019-02-07 17:26:33.890 DEBUG ContenidoDAOImpl.deleteEtiquetas:757 - Id= {0} 
2019-02-07 17:26:33.890 DEBUG ContenidoDAOImpl.deleteEtiquetas:773 - QUERY= {0}
2019-02-07 17:26:33.890 DEBUG ContenidoDAOImpl.deleteEtiquetas:773 - QUERY= {0}
2019-02-07 17:26:33.891 DEBUG ContenidoDAOImpl.deleteCategorias:801 - Id= {0} 
2019-02-07 17:26:33.891 DEBUG ContenidoDAOImpl.deleteCategorias:801 - Id= {0} 
2019-02-07 17:26:33.891 DEBUG ContenidoDAOImpl.deleteCategorias:819 - QUERY= {0}
2019-02-07 17:26:33.891 DEBUG ContenidoDAOImpl.deleteCategorias:819 - QUERY= {0}
2019-02-07 17:26:33.892 DEBUG ContenidoDAOImpl.deleteEtiquetas:757 - Id= {0} 
2019-02-07 17:26:33.892 DEBUG ContenidoDAOImpl.deleteEtiquetas:757 - Id= {0} 
2019-02-07 17:26:33.892 DEBUG ContenidoDAOImpl.deleteEtiquetas:773 - QUERY= {0}
2019-02-07 17:26:33.892 DEBUG ContenidoDAOImpl.deleteEtiquetas:773 - QUERY= {0}
2019-02-07 17:26:33.893 DEBUG ContenidoDAOImpl.deleteContenido:712 - Id= {0} 
2019-02-07 17:26:33.893 DEBUG ContenidoDAOImpl.deleteContenido:712 - Id= {0} 
2019-02-07 17:26:33.893 DEBUG ContenidoDAOImpl.deleteContenido:729 - QUERY= {0}
2019-02-07 17:26:33.893 DEBUG ContenidoDAOImpl.deleteContenido:729 - QUERY= {0}
2019-02-07 17:26:33.948 DEBUG ContenidoDAOImpl.findByCriteria:259 - Criteria= {0} 
2019-02-07 17:26:33.948 DEBUG ContenidoDAOImpl.findByCriteria:259 - Criteria= {0} 
2019-02-07 17:26:33.948 DEBUG ContenidoDAOImpl.findByCriteria:340 - QUERY= {0}
2019-02-07 17:26:33.948 DEBUG ContenidoDAOImpl.findByCriteria:340 - QUERY= {0}
2019-02-07 17:26:33.981 DEBUG ContenidoDAOImpl.findByCriteria:259 - Criteria= {0} 
2019-02-07 17:26:33.981 DEBUG ContenidoDAOImpl.findByCriteria:259 - Criteria= {0} 
2019-02-07 17:26:33.982 DEBUG ContenidoDAOImpl.findByCriteria:340 - QUERY= {0}
2019-02-07 17:26:33.982 DEBUG ContenidoDAOImpl.findByCriteria:340 - QUERY= {0}
2019-02-07 17:26:33.994 DEBUG ContenidoDAOImpl.findByCriteria:259 - Criteria= {0} 
2019-02-07 17:26:33.994 DEBUG ContenidoDAOImpl.findByCriteria:259 - Criteria= {0} 
2019-02-07 17:26:33.995 DEBUG ContenidoDAOImpl.findByCriteria:340 - QUERY= {0}
2019-02-07 17:26:33.995 DEBUG ContenidoDAOImpl.findByCriteria:340 - QUERY= {0}
2019-02-07 17:26:34.009 DEBUG ContenidoDAOImpl.findByCriteria:259 - Criteria= {0} 
2019-02-07 17:26:34.009 DEBUG ContenidoDAOImpl.findByCriteria:259 - Criteria= {0} 
2019-02-07 17:26:34.010 DEBUG ContenidoDAOImpl.findByCriteria:340 - QUERY= {0}
2019-02-07 17:26:34.010 DEBUG ContenidoDAOImpl.findByCriteria:340 - QUERY= {0}
2019-02-07 17:26:34.022 DEBUG ContenidoDAOImpl.findByCriteria:259 - Criteria= {0} 
2019-02-07 17:26:34.022 DEBUG ContenidoDAOImpl.findByCriteria:259 - Criteria= {0} 
2019-02-07 17:26:34.023 DEBUG ContenidoDAOImpl.findByCriteria:340 - QUERY= {0}
2019-02-07 17:26:34.023 DEBUG ContenidoDAOImpl.findByCriteria:340 - QUERY= {0}
2019-02-07 17:26:34.037 DEBUG ContenidoDAOImpl.findByCriteria:259 - Criteria= {0} 
2019-02-07 17:26:34.037 DEBUG ContenidoDAOImpl.findByCriteria:259 - Criteria= {0} 
2019-02-07 17:26:34.037 DEBUG ContenidoDAOImpl.findByCriteria:340 - QUERY= {0}
2019-02-07 17:26:34.037 DEBUG ContenidoDAOImpl.findByCriteria:340 - QUERY= {0}
2019-02-07 17:26:34.039 DEBUG ContenidoDAOImpl.filtrarValoracion:402 - Criteria= {0} Contenido= {1} 
2019-02-07 17:26:34.039 DEBUG ContenidoDAOImpl.filtrarValoracion:402 - Criteria= {0} Contenido= {1} 
2019-02-07 17:26:34.039 DEBUG ContenidoDAOImpl.getValoracion:468 - Id= {0} 
2019-02-07 17:26:34.039 DEBUG ContenidoDAOImpl.getValoracion:468 - Id= {0} 
2019-02-07 17:26:34.039 DEBUG ContenidoDAOImpl.getValoracion:485 - QUERY= {0}
2019-02-07 17:26:34.039 DEBUG ContenidoDAOImpl.getValoracion:485 - QUERY= {0}
2019-02-07 17:26:34.042 DEBUG ContenidoDAOImpl.getValoracion:468 - Id= {0} 
2019-02-07 17:26:34.042 DEBUG ContenidoDAOImpl.getValoracion:468 - Id= {0} 
2019-02-07 17:26:34.042 DEBUG ContenidoDAOImpl.getValoracion:485 - QUERY= {0}
2019-02-07 17:26:34.042 DEBUG ContenidoDAOImpl.getValoracion:485 - QUERY= {0}
2019-02-07 17:26:34.043 DEBUG ContenidoDAOImpl.getValoracion:468 - Id= {0} 
2019-02-07 17:26:34.043 DEBUG ContenidoDAOImpl.getValoracion:468 - Id= {0} 
2019-02-07 17:26:34.044 DEBUG ContenidoDAOImpl.getValoracion:485 - QUERY= {0}
2019-02-07 17:26:34.044 DEBUG ContenidoDAOImpl.getValoracion:485 - QUERY= {0}
2019-02-07 17:26:34.045 DEBUG ContenidoDAOImpl.getValoracion:468 - Id= {0} 
2019-02-07 17:26:34.045 DEBUG ContenidoDAOImpl.getValoracion:468 - Id= {0} 
2019-02-07 17:26:34.045 DEBUG ContenidoDAOImpl.getValoracion:485 - QUERY= {0}
2019-02-07 17:26:34.045 DEBUG ContenidoDAOImpl.getValoracion:485 - QUERY= {0}
2019-02-07 17:31:19.470 DEBUG ContenidoDAOImpl.create:537 - Contenido= {0} 
2019-02-07 17:31:19.470 DEBUG ContenidoDAOImpl.create:537 - Contenido= {0} 
2019-02-07 17:31:19.497 DEBUG ContenidoDAOImpl.create:565 - QUERY= {0}
2019-02-07 17:31:19.497 DEBUG ContenidoDAOImpl.create:565 - QUERY= {0}
2019-02-07 17:31:19.968 DEBUG ContenidoDAOImpl.create:537 - Contenido= {0} 
2019-02-07 17:31:19.968 DEBUG ContenidoDAOImpl.create:537 - Contenido= {0} 
2019-02-07 17:31:19.969 DEBUG ContenidoDAOImpl.create:565 - QUERY= {0}
2019-02-07 17:31:19.969 DEBUG ContenidoDAOImpl.create:565 - QUERY= {0}
2019-02-07 17:31:20.051 DEBUG ContenidoDAOImpl.create:537 - Contenido= {0} 
2019-02-07 17:31:20.051 DEBUG ContenidoDAOImpl.create:537 - Contenido= {0} 
2019-02-07 17:31:20.052 DEBUG ContenidoDAOImpl.create:565 - QUERY= {0}
2019-02-07 17:31:20.052 DEBUG ContenidoDAOImpl.create:565 - QUERY= {0}
2019-02-07 17:31:20.104 DEBUG ContenidoDAOImpl.findById:159 - Id= {0} 
2019-02-07 17:31:20.104 DEBUG ContenidoDAOImpl.findById:159 - Id= {0} 
2019-02-07 17:31:20.104 DEBUG ContenidoDAOImpl.findById:178 - QUERY= {0}
2019-02-07 17:31:20.104 DEBUG ContenidoDAOImpl.findById:178 - QUERY= {0}
2019-02-07 17:31:20.120 DEBUG ContenidoDAOImpl.findById:159 - Id= {0} 
2019-02-07 17:31:20.120 DEBUG ContenidoDAOImpl.findById:159 - Id= {0} 
2019-02-07 17:31:20.120 DEBUG ContenidoDAOImpl.findById:178 - QUERY= {0}
2019-02-07 17:31:20.120 DEBUG ContenidoDAOImpl.findById:178 - QUERY= {0}
2019-02-07 17:31:20.149 DEBUG ContenidoDAOImpl.findById:159 - Id= {0} 
2019-02-07 17:31:20.149 DEBUG ContenidoDAOImpl.findById:159 - Id= {0} 
2019-02-07 17:31:20.150 DEBUG ContenidoDAOImpl.findById:178 - QUERY= {0}
2019-02-07 17:31:20.150 DEBUG ContenidoDAOImpl.findById:178 - QUERY= {0}
2019-02-07 17:31:20.165 DEBUG ContenidoDAOImpl.findById:159 - Id= {0} 
2019-02-07 17:31:20.165 DEBUG ContenidoDAOImpl.findById:159 - Id= {0} 
2019-02-07 17:31:20.166 DEBUG ContenidoDAOImpl.findById:178 - QUERY= {0}
2019-02-07 17:31:20.166 DEBUG ContenidoDAOImpl.findById:178 - QUERY= {0}
2019-02-07 17:31:20.182 DEBUG ContenidoDAOImpl.findById:159 - Id= {0} 
2019-02-07 17:31:20.182 DEBUG ContenidoDAOImpl.findById:159 - Id= {0} 
2019-02-07 17:31:20.182 DEBUG ContenidoDAOImpl.findById:178 - QUERY= {0}
2019-02-07 17:31:20.182 DEBUG ContenidoDAOImpl.findById:178 - QUERY= {0}
2019-02-07 17:31:20.184 DEBUG ContenidoDAOImpl.update:599 - Contenido= {0} 
2019-02-07 17:31:20.184 DEBUG ContenidoDAOImpl.update:599 - Contenido= {0} 
2019-02-07 17:31:20.184 DEBUG ContenidoDAOImpl.update:660 - QUERY= {0}
2019-02-07 17:31:20.184 DEBUG ContenidoDAOImpl.update:660 - QUERY= {0}
2019-02-07 17:31:20.248 DEBUG ContenidoDAOImpl.findById:159 - Id= {0} 
2019-02-07 17:31:20.248 DEBUG ContenidoDAOImpl.findById:159 - Id= {0} 
2019-02-07 17:31:20.248 DEBUG ContenidoDAOImpl.findById:178 - QUERY= {0}
2019-02-07 17:31:20.248 DEBUG ContenidoDAOImpl.findById:178 - QUERY= {0}
2019-02-07 17:31:20.265 DEBUG ContenidoDAOImpl.findById:159 - Id= {0} 
2019-02-07 17:31:20.265 DEBUG ContenidoDAOImpl.findById:159 - Id= {0} 
2019-02-07 17:31:20.266 DEBUG ContenidoDAOImpl.findById:178 - QUERY= {0}
2019-02-07 17:31:20.266 DEBUG ContenidoDAOImpl.findById:178 - QUERY= {0}
2019-02-07 17:31:20.282 DEBUG ContenidoDAOImpl.update:599 - Contenido= {0} 
2019-02-07 17:31:20.282 DEBUG ContenidoDAOImpl.update:599 - Contenido= {0} 
2019-02-07 17:31:20.283 DEBUG ContenidoDAOImpl.update:660 - QUERY= {0}
2019-02-07 17:31:20.283 DEBUG ContenidoDAOImpl.update:660 - QUERY= {0}
2019-02-07 17:31:20.325 DEBUG ContenidoDAOImpl.findById:159 - Id= {0} 
2019-02-07 17:31:20.325 DEBUG ContenidoDAOImpl.findById:159 - Id= {0} 
2019-02-07 17:31:20.326 DEBUG ContenidoDAOImpl.findById:178 - QUERY= {0}
2019-02-07 17:31:20.326 DEBUG ContenidoDAOImpl.findById:178 - QUERY= {0}
2019-02-07 17:31:20.343 DEBUG ContenidoDAOImpl.findById:159 - Id= {0} 
2019-02-07 17:31:20.343 DEBUG ContenidoDAOImpl.findById:159 - Id= {0} 
2019-02-07 17:31:20.343 DEBUG ContenidoDAOImpl.findById:178 - QUERY= {0}
2019-02-07 17:31:20.343 DEBUG ContenidoDAOImpl.findById:178 - QUERY= {0}
2019-02-07 17:31:20.374 DEBUG ContenidoDAOImpl.agignarCategoria:896 - IdContenido= {0} IdCategoria= {1} 
2019-02-07 17:31:20.374 DEBUG ContenidoDAOImpl.agignarCategoria:896 - IdContenido= {0} IdCategoria= {1} 
2019-02-07 17:31:20.375 DEBUG ContenidoDAOImpl.agignarCategoria:914 - QUERY= {0}
2019-02-07 17:31:20.375 DEBUG ContenidoDAOImpl.agignarCategoria:914 - QUERY= {0}
2019-02-07 17:31:20.420 DEBUG ContenidoDAOImpl.verCategoria:1546 - idContenido= {0} idioma= {1} 
2019-02-07 17:31:20.420 DEBUG ContenidoDAOImpl.verCategoria:1546 - idContenido= {0} idioma= {1} 
2019-02-07 17:31:20.420 DEBUG ContenidoDAOImpl.verCategoria:1567 - QUERY= {0}
2019-02-07 17:31:20.420 DEBUG ContenidoDAOImpl.verCategoria:1567 - QUERY= {0}
2019-02-07 17:31:20.448 DEBUG ContenidoDAOImpl.modificarCategoria:941 - IdContenido= {0} IdCategoria= {1} 
2019-02-07 17:31:20.448 DEBUG ContenidoDAOImpl.modificarCategoria:941 - IdContenido= {0} IdCategoria= {1} 
2019-02-07 17:31:20.449 DEBUG ContenidoDAOImpl.modificarCategoria:971 - QUERY= {0}
2019-02-07 17:31:20.449 DEBUG ContenidoDAOImpl.modificarCategoria:971 - QUERY= {0}
2019-02-07 17:31:20.503 DEBUG ContenidoDAOImpl.verCategoria:1546 - idContenido= {0} idioma= {1} 
2019-02-07 17:31:20.503 DEBUG ContenidoDAOImpl.verCategoria:1546 - idContenido= {0} idioma= {1} 
2019-02-07 17:31:20.503 DEBUG ContenidoDAOImpl.verCategoria:1567 - QUERY= {0}
2019-02-07 17:31:20.503 DEBUG ContenidoDAOImpl.verCategoria:1567 - QUERY= {0}
2019-02-07 17:31:20.527 DEBUG ContenidoDAOImpl.asignarEtiqueta:1003 - IdContenido= {0} idEtiqueta= {1} 
2019-02-07 17:31:20.527 DEBUG ContenidoDAOImpl.asignarEtiqueta:1003 - IdContenido= {0} idEtiqueta= {1} 
2019-02-07 17:31:20.528 DEBUG ContenidoDAOImpl.asignarEtiqueta:1021 - QUERY= {0}
2019-02-07 17:31:20.528 DEBUG ContenidoDAOImpl.asignarEtiqueta:1021 - QUERY= {0}
2019-02-07 17:31:20.622 DEBUG ContenidoDAOImpl.asignarEtiqueta:1003 - IdContenido= {0} idEtiqueta= {1} 
2019-02-07 17:31:20.622 DEBUG ContenidoDAOImpl.asignarEtiqueta:1003 - IdContenido= {0} idEtiqueta= {1} 
2019-02-07 17:31:20.623 DEBUG ContenidoDAOImpl.asignarEtiqueta:1021 - QUERY= {0}
2019-02-07 17:31:20.623 DEBUG ContenidoDAOImpl.asignarEtiqueta:1021 - QUERY= {0}
2019-02-07 17:31:20.664 DEBUG ContenidoDAOImpl.verEtiquetas:1603 - idEtiqueta= {0} idioma= {1} 
2019-02-07 17:31:20.664 DEBUG ContenidoDAOImpl.verEtiquetas:1603 - idEtiqueta= {0} idioma= {1} 
2019-02-07 17:31:20.665 DEBUG ContenidoDAOImpl.verEtiquetas:1625 - QUERY= {0}
2019-02-07 17:31:20.665 DEBUG ContenidoDAOImpl.verEtiquetas:1625 - QUERY= {0}
2019-02-07 17:31:20.697 DEBUG ContenidoDAOImpl.eliminarEtiqueta:1048 - IdContenido= {0} idEtiqueta= {1} 
2019-02-07 17:31:20.697 DEBUG ContenidoDAOImpl.eliminarEtiqueta:1048 - IdContenido= {0} idEtiqueta= {1} 
2019-02-07 17:31:20.698 DEBUG ContenidoDAOImpl.eliminarEtiqueta:1065 - QUERY= {0}
2019-02-07 17:31:20.698 DEBUG ContenidoDAOImpl.eliminarEtiqueta:1065 - QUERY= {0}
2019-02-07 17:31:20.738 DEBUG ContenidoDAOImpl.verEtiquetas:1603 - idEtiqueta= {0} idioma= {1} 
2019-02-07 17:31:20.738 DEBUG ContenidoDAOImpl.verEtiquetas:1603 - idEtiqueta= {0} idioma= {1} 
2019-02-07 17:31:20.739 DEBUG ContenidoDAOImpl.verEtiquetas:1625 - QUERY= {0}
2019-02-07 17:31:20.739 DEBUG ContenidoDAOImpl.verEtiquetas:1625 - QUERY= {0}
2019-02-07 17:31:20.751 DEBUG ContenidoDAOImpl.findById:159 - Id= {0} 
2019-02-07 17:31:20.751 DEBUG ContenidoDAOImpl.findById:159 - Id= {0} 
2019-02-07 17:31:20.752 DEBUG ContenidoDAOImpl.findById:178 - QUERY= {0}
2019-02-07 17:31:20.752 DEBUG ContenidoDAOImpl.findById:178 - QUERY= {0}
2019-02-07 17:31:20.763 DEBUG ContenidoDAOImpl.delete:687 - Id= {0} 
2019-02-07 17:31:20.763 DEBUG ContenidoDAOImpl.delete:687 - Id= {0} 
2019-02-07 17:31:20.763 DEBUG ContenidoDAOImpl.deleteCategorias:801 - Id= {0} 
2019-02-07 17:31:20.763 DEBUG ContenidoDAOImpl.deleteCategorias:801 - Id= {0} 
2019-02-07 17:31:20.764 DEBUG ContenidoDAOImpl.deleteCategorias:819 - QUERY= {0}
2019-02-07 17:31:20.764 DEBUG ContenidoDAOImpl.deleteCategorias:819 - QUERY= {0}
2019-02-07 17:31:20.765 DEBUG ContenidoDAOImpl.deleteEtiquetas:757 - Id= {0} 
2019-02-07 17:31:20.765 DEBUG ContenidoDAOImpl.deleteEtiquetas:757 - Id= {0} 
2019-02-07 17:31:20.765 DEBUG ContenidoDAOImpl.deleteEtiquetas:773 - QUERY= {0}
2019-02-07 17:31:20.765 DEBUG ContenidoDAOImpl.deleteEtiquetas:773 - QUERY= {0}
2019-02-07 17:31:20.766 DEBUG ContenidoDAOImpl.deleteCategorias:801 - Id= {0} 
2019-02-07 17:31:20.766 DEBUG ContenidoDAOImpl.deleteCategorias:801 - Id= {0} 
2019-02-07 17:31:20.767 DEBUG ContenidoDAOImpl.deleteCategorias:819 - QUERY= {0}
2019-02-07 17:31:20.767 DEBUG ContenidoDAOImpl.deleteCategorias:819 - QUERY= {0}
2019-02-07 17:31:20.767 DEBUG ContenidoDAOImpl.deleteEtiquetas:757 - Id= {0} 
2019-02-07 17:31:20.767 DEBUG ContenidoDAOImpl.deleteEtiquetas:757 - Id= {0} 
2019-02-07 17:31:20.768 DEBUG ContenidoDAOImpl.deleteEtiquetas:773 - QUERY= {0}
2019-02-07 17:31:20.768 DEBUG ContenidoDAOImpl.deleteEtiquetas:773 - QUERY= {0}
2019-02-07 17:31:20.768 DEBUG ContenidoDAOImpl.deleteContenido:712 - Id= {0} 
2019-02-07 17:31:20.768 DEBUG ContenidoDAOImpl.deleteContenido:712 - Id= {0} 
2019-02-07 17:31:20.768 DEBUG ContenidoDAOImpl.deleteContenido:729 - QUERY= {0}
2019-02-07 17:31:20.768 DEBUG ContenidoDAOImpl.deleteContenido:729 - QUERY= {0}
2019-02-07 17:31:20.845 DEBUG ContenidoDAOImpl.findById:159 - Id= {0} 
2019-02-07 17:31:20.845 DEBUG ContenidoDAOImpl.findById:159 - Id= {0} 
2019-02-07 17:31:20.845 DEBUG ContenidoDAOImpl.findById:178 - QUERY= {0}
2019-02-07 17:31:20.845 DEBUG ContenidoDAOImpl.findById:178 - QUERY= {0}
2019-02-07 17:31:20.859 DEBUG ContenidoDAOImpl.delete:687 - Id= {0} 
2019-02-07 17:31:20.859 DEBUG ContenidoDAOImpl.delete:687 - Id= {0} 
2019-02-07 17:31:20.859 DEBUG ContenidoDAOImpl.deleteCategorias:801 - Id= {0} 
2019-02-07 17:31:20.859 DEBUG ContenidoDAOImpl.deleteCategorias:801 - Id= {0} 
2019-02-07 17:31:20.859 DEBUG ContenidoDAOImpl.deleteCategorias:819 - QUERY= {0}
2019-02-07 17:31:20.859 DEBUG ContenidoDAOImpl.deleteCategorias:819 - QUERY= {0}
2019-02-07 17:31:20.918 DEBUG ContenidoDAOImpl.deleteEtiquetas:757 - Id= {0} 
2019-02-07 17:31:20.918 DEBUG ContenidoDAOImpl.deleteEtiquetas:757 - Id= {0} 
2019-02-07 17:31:20.918 DEBUG ContenidoDAOImpl.deleteEtiquetas:773 - QUERY= {0}
2019-02-07 17:31:20.918 DEBUG ContenidoDAOImpl.deleteEtiquetas:773 - QUERY= {0}
2019-02-07 17:31:20.966 DEBUG ContenidoDAOImpl.deleteCategorias:801 - Id= {0} 
2019-02-07 17:31:20.966 DEBUG ContenidoDAOImpl.deleteCategorias:801 - Id= {0} 
2019-02-07 17:31:20.967 DEBUG ContenidoDAOImpl.deleteCategorias:819 - QUERY= {0}
2019-02-07 17:31:20.967 DEBUG ContenidoDAOImpl.deleteCategorias:819 - QUERY= {0}
2019-02-07 17:31:20.968 DEBUG ContenidoDAOImpl.deleteEtiquetas:757 - Id= {0} 
2019-02-07 17:31:20.968 DEBUG ContenidoDAOImpl.deleteEtiquetas:757 - Id= {0} 
2019-02-07 17:31:20.969 DEBUG ContenidoDAOImpl.deleteEtiquetas:773 - QUERY= {0}
2019-02-07 17:31:20.969 DEBUG ContenidoDAOImpl.deleteEtiquetas:773 - QUERY= {0}
2019-02-07 17:31:20.970 DEBUG ContenidoDAOImpl.deleteContenido:712 - Id= {0} 
2019-02-07 17:31:20.970 DEBUG ContenidoDAOImpl.deleteContenido:712 - Id= {0} 
2019-02-07 17:31:20.970 DEBUG ContenidoDAOImpl.deleteContenido:729 - QUERY= {0}
2019-02-07 17:31:20.970 DEBUG ContenidoDAOImpl.deleteContenido:729 - QUERY= {0}
2019-02-07 17:31:21.068 DEBUG ContenidoDAOImpl.findById:159 - Id= {0} 
2019-02-07 17:31:21.068 DEBUG ContenidoDAOImpl.findById:159 - Id= {0} 
2019-02-07 17:31:21.068 DEBUG ContenidoDAOImpl.findById:178 - QUERY= {0}
2019-02-07 17:31:21.068 DEBUG ContenidoDAOImpl.findById:178 - QUERY= {0}
2019-02-07 17:31:21.089 DEBUG ContenidoDAOImpl.delete:687 - Id= {0} 
2019-02-07 17:31:21.089 DEBUG ContenidoDAOImpl.delete:687 - Id= {0} 
2019-02-07 17:31:21.089 DEBUG ContenidoDAOImpl.deleteCategorias:801 - Id= {0} 
2019-02-07 17:31:21.089 DEBUG ContenidoDAOImpl.deleteCategorias:801 - Id= {0} 
2019-02-07 17:31:21.090 DEBUG ContenidoDAOImpl.deleteCategorias:819 - QUERY= {0}
2019-02-07 17:31:21.090 DEBUG ContenidoDAOImpl.deleteCategorias:819 - QUERY= {0}
2019-02-07 17:31:21.090 DEBUG ContenidoDAOImpl.deleteEtiquetas:757 - Id= {0} 
2019-02-07 17:31:21.090 DEBUG ContenidoDAOImpl.deleteEtiquetas:757 - Id= {0} 
2019-02-07 17:31:21.091 DEBUG ContenidoDAOImpl.deleteEtiquetas:773 - QUERY= {0}
2019-02-07 17:31:21.091 DEBUG ContenidoDAOImpl.deleteEtiquetas:773 - QUERY= {0}
2019-02-07 17:31:21.093 DEBUG ContenidoDAOImpl.deleteCategorias:801 - Id= {0} 
2019-02-07 17:31:21.093 DEBUG ContenidoDAOImpl.deleteCategorias:801 - Id= {0} 
2019-02-07 17:31:21.093 DEBUG ContenidoDAOImpl.deleteCategorias:819 - QUERY= {0}
2019-02-07 17:31:21.093 DEBUG ContenidoDAOImpl.deleteCategorias:819 - QUERY= {0}
2019-02-07 17:31:21.095 DEBUG ContenidoDAOImpl.deleteEtiquetas:757 - Id= {0} 
2019-02-07 17:31:21.095 DEBUG ContenidoDAOImpl.deleteEtiquetas:757 - Id= {0} 
2019-02-07 17:31:21.095 DEBUG ContenidoDAOImpl.deleteEtiquetas:773 - QUERY= {0}
2019-02-07 17:31:21.095 DEBUG ContenidoDAOImpl.deleteEtiquetas:773 - QUERY= {0}
2019-02-07 17:31:21.096 DEBUG ContenidoDAOImpl.deleteContenido:712 - Id= {0} 
2019-02-07 17:31:21.096 DEBUG ContenidoDAOImpl.deleteContenido:712 - Id= {0} 
2019-02-07 17:31:21.096 DEBUG ContenidoDAOImpl.deleteContenido:729 - QUERY= {0}
2019-02-07 17:31:21.096 DEBUG ContenidoDAOImpl.deleteContenido:729 - QUERY= {0}
2019-02-07 17:31:21.170 DEBUG ContenidoDAOImpl.findByCriteria:259 - Criteria= {0} 
2019-02-07 17:31:21.170 DEBUG ContenidoDAOImpl.findByCriteria:259 - Criteria= {0} 
2019-02-07 17:31:21.171 DEBUG ContenidoDAOImpl.findByCriteria:340 - QUERY= {0}
2019-02-07 17:31:21.171 DEBUG ContenidoDAOImpl.findByCriteria:340 - QUERY= {0}
2019-02-07 17:31:21.198 DEBUG ContenidoDAOImpl.findByCriteria:259 - Criteria= {0} 
2019-02-07 17:31:21.198 DEBUG ContenidoDAOImpl.findByCriteria:259 - Criteria= {0} 
2019-02-07 17:31:21.199 DEBUG ContenidoDAOImpl.findByCriteria:340 - QUERY= {0}
2019-02-07 17:31:21.199 DEBUG ContenidoDAOImpl.findByCriteria:340 - QUERY= {0}
2019-02-07 17:31:21.213 DEBUG ContenidoDAOImpl.findByCriteria:259 - Criteria= {0} 
2019-02-07 17:31:21.213 DEBUG ContenidoDAOImpl.findByCriteria:259 - Criteria= {0} 
2019-02-07 17:31:21.214 DEBUG ContenidoDAOImpl.findByCriteria:340 - QUERY= {0}
2019-02-07 17:31:21.214 DEBUG ContenidoDAOImpl.findByCriteria:340 - QUERY= {0}
2019-02-07 17:31:21.227 DEBUG ContenidoDAOImpl.findByCriteria:259 - Criteria= {0} 
2019-02-07 17:31:21.227 DEBUG ContenidoDAOImpl.findByCriteria:259 - Criteria= {0} 
2019-02-07 17:31:21.228 DEBUG ContenidoDAOImpl.findByCriteria:340 - QUERY= {0}
2019-02-07 17:31:21.228 DEBUG ContenidoDAOImpl.findByCriteria:340 - QUERY= {0}
2019-02-07 17:31:21.241 DEBUG ContenidoDAOImpl.findByCriteria:259 - Criteria= {0} 
2019-02-07 17:31:21.241 DEBUG ContenidoDAOImpl.findByCriteria:259 - Criteria= {0} 
2019-02-07 17:31:21.241 DEBUG ContenidoDAOImpl.findByCriteria:340 - QUERY= {0}
2019-02-07 17:31:21.241 DEBUG ContenidoDAOImpl.findByCriteria:340 - QUERY= {0}
2019-02-07 17:31:21.254 DEBUG ContenidoDAOImpl.findByCriteria:259 - Criteria= {0} 
2019-02-07 17:31:21.254 DEBUG ContenidoDAOImpl.findByCriteria:259 - Criteria= {0} 
2019-02-07 17:31:21.255 DEBUG ContenidoDAOImpl.findByCriteria:340 - QUERY= {0}
2019-02-07 17:31:21.255 DEBUG ContenidoDAOImpl.findByCriteria:340 - QUERY= {0}
2019-02-07 17:31:21.256 DEBUG ContenidoDAOImpl.filtrarValoracion:402 - Criteria= {0} Contenido= {1} 
2019-02-07 17:31:21.256 DEBUG ContenidoDAOImpl.filtrarValoracion:402 - Criteria= {0} Contenido= {1} 
2019-02-07 17:31:21.257 DEBUG ContenidoDAOImpl.getValoracion:468 - Id= 37 
2019-02-07 17:31:21.257 DEBUG ContenidoDAOImpl.getValoracion:468 - Id= 37 
2019-02-07 17:31:21.257 DEBUG ContenidoDAOImpl.getValoracion:485 - QUERY= {0}
2019-02-07 17:31:21.257 DEBUG ContenidoDAOImpl.getValoracion:485 - QUERY= {0}
2019-02-07 17:31:21.260 DEBUG ContenidoDAOImpl.getValoracion:468 - Id= 37 
2019-02-07 17:31:21.260 DEBUG ContenidoDAOImpl.getValoracion:468 - Id= 37 
2019-02-07 17:31:21.260 DEBUG ContenidoDAOImpl.getValoracion:485 - QUERY= {0}
2019-02-07 17:31:21.260 DEBUG ContenidoDAOImpl.getValoracion:485 - QUERY= {0}
2019-02-07 17:31:21.262 DEBUG ContenidoDAOImpl.getValoracion:468 - Id= 37 
2019-02-07 17:31:21.262 DEBUG ContenidoDAOImpl.getValoracion:468 - Id= 37 
2019-02-07 17:31:21.263 DEBUG ContenidoDAOImpl.getValoracion:485 - QUERY= {0}
2019-02-07 17:31:21.263 DEBUG ContenidoDAOImpl.getValoracion:485 - QUERY= {0}
2019-02-07 17:31:21.264 DEBUG ContenidoDAOImpl.getValoracion:468 - Id= 37 
2019-02-07 17:31:21.264 DEBUG ContenidoDAOImpl.getValoracion:468 - Id= 37 
2019-02-07 17:31:21.265 DEBUG ContenidoDAOImpl.getValoracion:485 - QUERY= {0}
2019-02-07 17:31:21.265 DEBUG ContenidoDAOImpl.getValoracion:485 - QUERY= {0}
2019-02-07 17:33:16.547 DEBUG ContenidoDAOImpl.create:537 - Contenido= {0} 
2019-02-07 17:33:16.547 DEBUG ContenidoDAOImpl.create:537 - Contenido= {0} 
2019-02-07 17:33:16.574 DEBUG ContenidoDAOImpl.create:565 - QUERY= {0}
2019-02-07 17:33:16.574 DEBUG ContenidoDAOImpl.create:565 - QUERY= {0}
2019-02-07 17:33:16.740 DEBUG ContenidoDAOImpl.create:537 - Contenido= {0} 
2019-02-07 17:33:16.740 DEBUG ContenidoDAOImpl.create:537 - Contenido= {0} 
2019-02-07 17:33:16.742 DEBUG ContenidoDAOImpl.create:565 - QUERY= {0}
2019-02-07 17:33:16.742 DEBUG ContenidoDAOImpl.create:565 - QUERY= {0}
2019-02-07 17:33:16.798 DEBUG ContenidoDAOImpl.create:537 - Contenido= {0} 
2019-02-07 17:33:16.798 DEBUG ContenidoDAOImpl.create:537 - Contenido= {0} 
2019-02-07 17:33:16.800 DEBUG ContenidoDAOImpl.create:565 - QUERY= {0}
2019-02-07 17:33:16.800 DEBUG ContenidoDAOImpl.create:565 - QUERY= {0}
2019-02-07 17:33:16.848 DEBUG ContenidoDAOImpl.findById:159 - Id= {0} 
2019-02-07 17:33:16.848 DEBUG ContenidoDAOImpl.findById:159 - Id= {0} 
2019-02-07 17:33:16.849 DEBUG ContenidoDAOImpl.findById:178 - QUERY= {0}
2019-02-07 17:33:16.849 DEBUG ContenidoDAOImpl.findById:178 - QUERY= {0}
2019-02-07 17:33:16.865 DEBUG ContenidoDAOImpl.findById:159 - Id= {0} 
2019-02-07 17:33:16.865 DEBUG ContenidoDAOImpl.findById:159 - Id= {0} 
2019-02-07 17:33:16.866 DEBUG ContenidoDAOImpl.findById:178 - QUERY= {0}
2019-02-07 17:33:16.866 DEBUG ContenidoDAOImpl.findById:178 - QUERY= {0}
2019-02-07 17:33:16.895 DEBUG ContenidoDAOImpl.findById:159 - Id= {0} 
2019-02-07 17:33:16.895 DEBUG ContenidoDAOImpl.findById:159 - Id= {0} 
2019-02-07 17:33:16.896 DEBUG ContenidoDAOImpl.findById:178 - QUERY= {0}
2019-02-07 17:33:16.896 DEBUG ContenidoDAOImpl.findById:178 - QUERY= {0}
2019-02-07 17:33:16.910 DEBUG ContenidoDAOImpl.findById:159 - Id= {0} 
2019-02-07 17:33:16.910 DEBUG ContenidoDAOImpl.findById:159 - Id= {0} 
2019-02-07 17:33:16.910 DEBUG ContenidoDAOImpl.findById:178 - QUERY= {0}
2019-02-07 17:33:16.910 DEBUG ContenidoDAOImpl.findById:178 - QUERY= {0}
2019-02-07 17:33:16.926 DEBUG ContenidoDAOImpl.findById:159 - Id= {0} 
2019-02-07 17:33:16.926 DEBUG ContenidoDAOImpl.findById:159 - Id= {0} 
2019-02-07 17:33:16.927 DEBUG ContenidoDAOImpl.findById:178 - QUERY= {0}
2019-02-07 17:33:16.927 DEBUG ContenidoDAOImpl.findById:178 - QUERY= {0}
2019-02-07 17:33:16.928 DEBUG ContenidoDAOImpl.update:599 - Contenido= {0} 
2019-02-07 17:33:16.928 DEBUG ContenidoDAOImpl.update:599 - Contenido= {0} 
2019-02-07 17:33:16.929 DEBUG ContenidoDAOImpl.update:660 - QUERY= {0}
2019-02-07 17:33:16.929 DEBUG ContenidoDAOImpl.update:660 - QUERY= {0}
2019-02-07 17:33:16.991 DEBUG ContenidoDAOImpl.findById:159 - Id= {0} 
2019-02-07 17:33:16.991 DEBUG ContenidoDAOImpl.findById:159 - Id= {0} 
2019-02-07 17:33:16.991 DEBUG ContenidoDAOImpl.findById:178 - QUERY= {0}
2019-02-07 17:33:16.991 DEBUG ContenidoDAOImpl.findById:178 - QUERY= {0}
2019-02-07 17:33:17.007 DEBUG ContenidoDAOImpl.findById:159 - Id= {0} 
2019-02-07 17:33:17.007 DEBUG ContenidoDAOImpl.findById:159 - Id= {0} 
2019-02-07 17:33:17.008 DEBUG ContenidoDAOImpl.findById:178 - QUERY= {0}
2019-02-07 17:33:17.008 DEBUG ContenidoDAOImpl.findById:178 - QUERY= {0}
2019-02-07 17:33:17.022 DEBUG ContenidoDAOImpl.update:599 - Contenido= {0} 
2019-02-07 17:33:17.022 DEBUG ContenidoDAOImpl.update:599 - Contenido= {0} 
2019-02-07 17:33:17.022 DEBUG ContenidoDAOImpl.update:660 - QUERY= {0}
2019-02-07 17:33:17.022 DEBUG ContenidoDAOImpl.update:660 - QUERY= {0}
2019-02-07 17:33:17.064 DEBUG ContenidoDAOImpl.findById:159 - Id= {0} 
2019-02-07 17:33:17.064 DEBUG ContenidoDAOImpl.findById:159 - Id= {0} 
2019-02-07 17:33:17.065 DEBUG ContenidoDAOImpl.findById:178 - QUERY= {0}
2019-02-07 17:33:17.065 DEBUG ContenidoDAOImpl.findById:178 - QUERY= {0}
2019-02-07 17:33:17.083 DEBUG ContenidoDAOImpl.findById:159 - Id= {0} 
2019-02-07 17:33:17.083 DEBUG ContenidoDAOImpl.findById:159 - Id= {0} 
2019-02-07 17:33:17.084 DEBUG ContenidoDAOImpl.findById:178 - QUERY= {0}
2019-02-07 17:33:17.084 DEBUG ContenidoDAOImpl.findById:178 - QUERY= {0}
2019-02-07 17:33:17.119 DEBUG ContenidoDAOImpl.agignarCategoria:896 - IdContenido= 512 IdCategoria= 1 
2019-02-07 17:33:17.119 DEBUG ContenidoDAOImpl.agignarCategoria:896 - IdContenido= 512 IdCategoria= 1 
2019-02-07 17:33:17.119 DEBUG ContenidoDAOImpl.agignarCategoria:914 - QUERY=  INSERT INTO categoria_contenido (id_categoria, id_contenido)  VALUES (?, ?)
2019-02-07 17:33:17.119 DEBUG ContenidoDAOImpl.agignarCategoria:914 - QUERY=  INSERT INTO categoria_contenido (id_categoria, id_contenido)  VALUES (?, ?)
2019-02-07 17:33:17.215 DEBUG ContenidoDAOImpl.verCategoria:1546 - idContenido= {0} idioma= {1} 
2019-02-07 17:33:17.215 DEBUG ContenidoDAOImpl.verCategoria:1546 - idContenido= {0} idioma= {1} 
2019-02-07 17:33:17.215 DEBUG ContenidoDAOImpl.verCategoria:1567 - QUERY= {0}
2019-02-07 17:33:17.215 DEBUG ContenidoDAOImpl.verCategoria:1567 - QUERY= {0}
2019-02-07 17:33:17.240 DEBUG ContenidoDAOImpl.modificarCategoria:941 - IdContenido= {0} IdCategoria= {1} 
2019-02-07 17:33:17.240 DEBUG ContenidoDAOImpl.modificarCategoria:941 - IdContenido= {0} IdCategoria= {1} 
2019-02-07 17:33:17.241 DEBUG ContenidoDAOImpl.modificarCategoria:971 - QUERY= {0}
2019-02-07 17:33:17.241 DEBUG ContenidoDAOImpl.modificarCategoria:971 - QUERY= {0}
2019-02-07 17:33:17.298 DEBUG ContenidoDAOImpl.verCategoria:1546 - idContenido= {0} idioma= {1} 
2019-02-07 17:33:17.298 DEBUG ContenidoDAOImpl.verCategoria:1546 - idContenido= {0} idioma= {1} 
2019-02-07 17:33:17.299 DEBUG ContenidoDAOImpl.verCategoria:1567 - QUERY= {0}
2019-02-07 17:33:17.299 DEBUG ContenidoDAOImpl.verCategoria:1567 - QUERY= {0}
2019-02-07 17:33:17.331 DEBUG ContenidoDAOImpl.asignarEtiqueta:1003 - IdContenido= {0} idEtiqueta= {1} 
2019-02-07 17:33:17.331 DEBUG ContenidoDAOImpl.asignarEtiqueta:1003 - IdContenido= {0} idEtiqueta= {1} 
2019-02-07 17:33:17.332 DEBUG ContenidoDAOImpl.asignarEtiqueta:1021 - QUERY= {0}
2019-02-07 17:33:17.332 DEBUG ContenidoDAOImpl.asignarEtiqueta:1021 - QUERY= {0}
2019-02-07 17:33:17.409 DEBUG ContenidoDAOImpl.asignarEtiqueta:1003 - IdContenido= {0} idEtiqueta= {1} 
2019-02-07 17:33:17.409 DEBUG ContenidoDAOImpl.asignarEtiqueta:1003 - IdContenido= {0} idEtiqueta= {1} 
2019-02-07 17:33:17.410 DEBUG ContenidoDAOImpl.asignarEtiqueta:1021 - QUERY= {0}
2019-02-07 17:33:17.410 DEBUG ContenidoDAOImpl.asignarEtiqueta:1021 - QUERY= {0}
2019-02-07 17:33:17.503 DEBUG ContenidoDAOImpl.verEtiquetas:1603 - idEtiqueta= {0} idioma= {1} 
2019-02-07 17:33:17.503 DEBUG ContenidoDAOImpl.verEtiquetas:1603 - idEtiqueta= {0} idioma= {1} 
2019-02-07 17:33:17.504 DEBUG ContenidoDAOImpl.verEtiquetas:1625 - QUERY= {0}
2019-02-07 17:33:17.504 DEBUG ContenidoDAOImpl.verEtiquetas:1625 - QUERY= {0}
2019-02-07 17:33:17.539 DEBUG ContenidoDAOImpl.eliminarEtiqueta:1048 - IdContenido= {0} idEtiqueta= {1} 
2019-02-07 17:33:17.539 DEBUG ContenidoDAOImpl.eliminarEtiqueta:1048 - IdContenido= {0} idEtiqueta= {1} 
2019-02-07 17:33:17.540 DEBUG ContenidoDAOImpl.eliminarEtiqueta:1065 - QUERY= {0}
2019-02-07 17:33:17.540 DEBUG ContenidoDAOImpl.eliminarEtiqueta:1065 - QUERY= {0}
2019-02-07 17:33:17.588 DEBUG ContenidoDAOImpl.verEtiquetas:1603 - idEtiqueta= {0} idioma= {1} 
2019-02-07 17:33:17.588 DEBUG ContenidoDAOImpl.verEtiquetas:1603 - idEtiqueta= {0} idioma= {1} 
2019-02-07 17:33:17.589 DEBUG ContenidoDAOImpl.verEtiquetas:1625 - QUERY= {0}
2019-02-07 17:33:17.589 DEBUG ContenidoDAOImpl.verEtiquetas:1625 - QUERY= {0}
2019-02-07 17:33:17.602 DEBUG ContenidoDAOImpl.findById:159 - Id= {0} 
2019-02-07 17:33:17.602 DEBUG ContenidoDAOImpl.findById:159 - Id= {0} 
2019-02-07 17:33:17.602 DEBUG ContenidoDAOImpl.findById:178 - QUERY= {0}
2019-02-07 17:33:17.602 DEBUG ContenidoDAOImpl.findById:178 - QUERY= {0}
2019-02-07 17:33:17.613 DEBUG ContenidoDAOImpl.delete:687 - Id= {0} 
2019-02-07 17:33:17.613 DEBUG ContenidoDAOImpl.delete:687 - Id= {0} 
2019-02-07 17:33:17.613 DEBUG ContenidoDAOImpl.deleteCategorias:801 - Id= {0} 
2019-02-07 17:33:17.613 DEBUG ContenidoDAOImpl.deleteCategorias:801 - Id= {0} 
2019-02-07 17:33:17.614 DEBUG ContenidoDAOImpl.deleteCategorias:819 - QUERY= {0}
2019-02-07 17:33:17.614 DEBUG ContenidoDAOImpl.deleteCategorias:819 - QUERY= {0}
2019-02-07 17:33:17.615 DEBUG ContenidoDAOImpl.deleteEtiquetas:757 - Id= {0} 
2019-02-07 17:33:17.615 DEBUG ContenidoDAOImpl.deleteEtiquetas:757 - Id= {0} 
2019-02-07 17:33:17.615 DEBUG ContenidoDAOImpl.deleteEtiquetas:773 - QUERY= {0}
2019-02-07 17:33:17.615 DEBUG ContenidoDAOImpl.deleteEtiquetas:773 - QUERY= {0}
2019-02-07 17:33:17.616 DEBUG ContenidoDAOImpl.deleteCategorias:801 - Id= {0} 
2019-02-07 17:33:17.616 DEBUG ContenidoDAOImpl.deleteCategorias:801 - Id= {0} 
2019-02-07 17:33:17.616 DEBUG ContenidoDAOImpl.deleteCategorias:819 - QUERY= {0}
2019-02-07 17:33:17.616 DEBUG ContenidoDAOImpl.deleteCategorias:819 - QUERY= {0}
2019-02-07 17:33:17.617 DEBUG ContenidoDAOImpl.deleteEtiquetas:757 - Id= {0} 
2019-02-07 17:33:17.617 DEBUG ContenidoDAOImpl.deleteEtiquetas:757 - Id= {0} 
2019-02-07 17:33:17.617 DEBUG ContenidoDAOImpl.deleteEtiquetas:773 - QUERY= {0}
2019-02-07 17:33:17.617 DEBUG ContenidoDAOImpl.deleteEtiquetas:773 - QUERY= {0}
2019-02-07 17:33:17.618 DEBUG ContenidoDAOImpl.deleteContenido:712 - Id= {0} 
2019-02-07 17:33:17.618 DEBUG ContenidoDAOImpl.deleteContenido:712 - Id= {0} 
2019-02-07 17:33:17.618 DEBUG ContenidoDAOImpl.deleteContenido:729 - QUERY= {0}
2019-02-07 17:33:17.618 DEBUG ContenidoDAOImpl.deleteContenido:729 - QUERY= {0}
2019-02-07 17:33:17.723 DEBUG ContenidoDAOImpl.findById:159 - Id= {0} 
2019-02-07 17:33:17.723 DEBUG ContenidoDAOImpl.findById:159 - Id= {0} 
2019-02-07 17:33:17.723 DEBUG ContenidoDAOImpl.findById:178 - QUERY= {0}
2019-02-07 17:33:17.723 DEBUG ContenidoDAOImpl.findById:178 - QUERY= {0}
2019-02-07 17:33:17.736 DEBUG ContenidoDAOImpl.delete:687 - Id= {0} 
2019-02-07 17:33:17.736 DEBUG ContenidoDAOImpl.delete:687 - Id= {0} 
2019-02-07 17:33:17.736 DEBUG ContenidoDAOImpl.deleteCategorias:801 - Id= {0} 
2019-02-07 17:33:17.736 DEBUG ContenidoDAOImpl.deleteCategorias:801 - Id= {0} 
2019-02-07 17:33:17.737 DEBUG ContenidoDAOImpl.deleteCategorias:819 - QUERY= {0}
2019-02-07 17:33:17.737 DEBUG ContenidoDAOImpl.deleteCategorias:819 - QUERY= {0}
2019-02-07 17:33:17.774 DEBUG ContenidoDAOImpl.deleteEtiquetas:757 - Id= {0} 
2019-02-07 17:33:17.774 DEBUG ContenidoDAOImpl.deleteEtiquetas:757 - Id= {0} 
2019-02-07 17:33:17.774 DEBUG ContenidoDAOImpl.deleteEtiquetas:773 - QUERY= {0}
2019-02-07 17:33:17.774 DEBUG ContenidoDAOImpl.deleteEtiquetas:773 - QUERY= {0}
2019-02-07 17:33:17.815 DEBUG ContenidoDAOImpl.deleteCategorias:801 - Id= {0} 
2019-02-07 17:33:17.815 DEBUG ContenidoDAOImpl.deleteCategorias:801 - Id= {0} 
2019-02-07 17:33:17.815 DEBUG ContenidoDAOImpl.deleteCategorias:819 - QUERY= {0}
2019-02-07 17:33:17.815 DEBUG ContenidoDAOImpl.deleteCategorias:819 - QUERY= {0}
2019-02-07 17:33:17.816 DEBUG ContenidoDAOImpl.deleteEtiquetas:757 - Id= {0} 
2019-02-07 17:33:17.816 DEBUG ContenidoDAOImpl.deleteEtiquetas:757 - Id= {0} 
2019-02-07 17:33:17.816 DEBUG ContenidoDAOImpl.deleteEtiquetas:773 - QUERY= {0}
2019-02-07 17:33:17.816 DEBUG ContenidoDAOImpl.deleteEtiquetas:773 - QUERY= {0}
2019-02-07 17:33:17.817 DEBUG ContenidoDAOImpl.deleteContenido:712 - Id= {0} 
2019-02-07 17:33:17.817 DEBUG ContenidoDAOImpl.deleteContenido:712 - Id= {0} 
2019-02-07 17:33:17.818 DEBUG ContenidoDAOImpl.deleteContenido:729 - QUERY= {0}
2019-02-07 17:33:17.818 DEBUG ContenidoDAOImpl.deleteContenido:729 - QUERY= {0}
2019-02-07 17:33:17.879 DEBUG ContenidoDAOImpl.findById:159 - Id= {0} 
2019-02-07 17:33:17.879 DEBUG ContenidoDAOImpl.findById:159 - Id= {0} 
2019-02-07 17:33:17.880 DEBUG ContenidoDAOImpl.findById:178 - QUERY= {0}
2019-02-07 17:33:17.880 DEBUG ContenidoDAOImpl.findById:178 - QUERY= {0}
2019-02-07 17:33:17.895 DEBUG ContenidoDAOImpl.delete:687 - Id= {0} 
2019-02-07 17:33:17.895 DEBUG ContenidoDAOImpl.delete:687 - Id= {0} 
2019-02-07 17:33:17.895 DEBUG ContenidoDAOImpl.deleteCategorias:801 - Id= {0} 
2019-02-07 17:33:17.895 DEBUG ContenidoDAOImpl.deleteCategorias:801 - Id= {0} 
2019-02-07 17:33:17.896 DEBUG ContenidoDAOImpl.deleteCategorias:819 - QUERY= {0}
2019-02-07 17:33:17.896 DEBUG ContenidoDAOImpl.deleteCategorias:819 - QUERY= {0}
2019-02-07 17:33:17.896 DEBUG ContenidoDAOImpl.deleteEtiquetas:757 - Id= {0} 
2019-02-07 17:33:17.896 DEBUG ContenidoDAOImpl.deleteEtiquetas:757 - Id= {0} 
2019-02-07 17:33:17.897 DEBUG ContenidoDAOImpl.deleteEtiquetas:773 - QUERY= {0}
2019-02-07 17:33:17.897 DEBUG ContenidoDAOImpl.deleteEtiquetas:773 - QUERY= {0}
2019-02-07 17:33:17.897 DEBUG ContenidoDAOImpl.deleteCategorias:801 - Id= {0} 
2019-02-07 17:33:17.897 DEBUG ContenidoDAOImpl.deleteCategorias:801 - Id= {0} 
2019-02-07 17:33:17.897 DEBUG ContenidoDAOImpl.deleteCategorias:819 - QUERY= {0}
2019-02-07 17:33:17.897 DEBUG ContenidoDAOImpl.deleteCategorias:819 - QUERY= {0}
2019-02-07 17:33:17.898 DEBUG ContenidoDAOImpl.deleteEtiquetas:757 - Id= {0} 
2019-02-07 17:33:17.898 DEBUG ContenidoDAOImpl.deleteEtiquetas:757 - Id= {0} 
2019-02-07 17:33:17.899 DEBUG ContenidoDAOImpl.deleteEtiquetas:773 - QUERY= {0}
2019-02-07 17:33:17.899 DEBUG ContenidoDAOImpl.deleteEtiquetas:773 - QUERY= {0}
2019-02-07 17:33:17.899 DEBUG ContenidoDAOImpl.deleteContenido:712 - Id= {0} 
2019-02-07 17:33:17.899 DEBUG ContenidoDAOImpl.deleteContenido:712 - Id= {0} 
2019-02-07 17:33:17.900 DEBUG ContenidoDAOImpl.deleteContenido:729 - QUERY= {0}
2019-02-07 17:33:17.900 DEBUG ContenidoDAOImpl.deleteContenido:729 - QUERY= {0}
2019-02-07 17:33:17.969 DEBUG ContenidoDAOImpl.findByCriteria:259 - Criteria= {0} 
2019-02-07 17:33:17.969 DEBUG ContenidoDAOImpl.findByCriteria:259 - Criteria= {0} 
2019-02-07 17:33:17.969 DEBUG ContenidoDAOImpl.findByCriteria:340 - QUERY= {0}
2019-02-07 17:33:17.969 DEBUG ContenidoDAOImpl.findByCriteria:340 - QUERY= {0}
2019-02-07 17:33:18.001 DEBUG ContenidoDAOImpl.findByCriteria:259 - Criteria= {0} 
2019-02-07 17:33:18.001 DEBUG ContenidoDAOImpl.findByCriteria:259 - Criteria= {0} 
2019-02-07 17:33:18.001 DEBUG ContenidoDAOImpl.findByCriteria:340 - QUERY= {0}
2019-02-07 17:33:18.001 DEBUG ContenidoDAOImpl.findByCriteria:340 - QUERY= {0}
2019-02-07 17:33:18.014 DEBUG ContenidoDAOImpl.findByCriteria:259 - Criteria= {0} 
2019-02-07 17:33:18.014 DEBUG ContenidoDAOImpl.findByCriteria:259 - Criteria= {0} 
2019-02-07 17:33:18.015 DEBUG ContenidoDAOImpl.findByCriteria:340 - QUERY= {0}
2019-02-07 17:33:18.015 DEBUG ContenidoDAOImpl.findByCriteria:340 - QUERY= {0}
2019-02-07 17:33:18.028 DEBUG ContenidoDAOImpl.findByCriteria:259 - Criteria= {0} 
2019-02-07 17:33:18.028 DEBUG ContenidoDAOImpl.findByCriteria:259 - Criteria= {0} 
2019-02-07 17:33:18.028 DEBUG ContenidoDAOImpl.findByCriteria:340 - QUERY= {0}
2019-02-07 17:33:18.028 DEBUG ContenidoDAOImpl.findByCriteria:340 - QUERY= {0}
2019-02-07 17:33:18.041 DEBUG ContenidoDAOImpl.findByCriteria:259 - Criteria= {0} 
2019-02-07 17:33:18.041 DEBUG ContenidoDAOImpl.findByCriteria:259 - Criteria= {0} 
2019-02-07 17:33:18.041 DEBUG ContenidoDAOImpl.findByCriteria:340 - QUERY= {0}
2019-02-07 17:33:18.041 DEBUG ContenidoDAOImpl.findByCriteria:340 - QUERY= {0}
2019-02-07 17:33:18.055 DEBUG ContenidoDAOImpl.findByCriteria:259 - Criteria= {0} 
2019-02-07 17:33:18.055 DEBUG ContenidoDAOImpl.findByCriteria:259 - Criteria= {0} 
2019-02-07 17:33:18.055 DEBUG ContenidoDAOImpl.findByCriteria:340 - QUERY= {0}
2019-02-07 17:33:18.055 DEBUG ContenidoDAOImpl.findByCriteria:340 - QUERY= {0}
2019-02-07 17:33:18.056 DEBUG ContenidoDAOImpl.filtrarValoracion:402 - Criteria= {0} Contenido= {1} 
2019-02-07 17:33:18.056 DEBUG ContenidoDAOImpl.filtrarValoracion:402 - Criteria= {0} Contenido= {1} 
2019-02-07 17:33:18.057 DEBUG ContenidoDAOImpl.getValoracion:468 - Id= 37 
2019-02-07 17:33:18.057 DEBUG ContenidoDAOImpl.getValoracion:468 - Id= 37 
2019-02-07 17:33:18.057 DEBUG ContenidoDAOImpl.getValoracion:485 - QUERY= {0}
2019-02-07 17:33:18.057 DEBUG ContenidoDAOImpl.getValoracion:485 - QUERY= {0}
2019-02-07 17:33:18.060 DEBUG ContenidoDAOImpl.getValoracion:468 - Id= 37 
2019-02-07 17:33:18.060 DEBUG ContenidoDAOImpl.getValoracion:468 - Id= 37 
2019-02-07 17:33:18.060 DEBUG ContenidoDAOImpl.getValoracion:485 - QUERY= {0}
2019-02-07 17:33:18.060 DEBUG ContenidoDAOImpl.getValoracion:485 - QUERY= {0}
2019-02-07 17:33:18.061 DEBUG ContenidoDAOImpl.getValoracion:468 - Id= 37 
2019-02-07 17:33:18.061 DEBUG ContenidoDAOImpl.getValoracion:468 - Id= 37 
2019-02-07 17:33:18.062 DEBUG ContenidoDAOImpl.getValoracion:485 - QUERY= {0}
2019-02-07 17:33:18.062 DEBUG ContenidoDAOImpl.getValoracion:485 - QUERY= {0}
2019-02-07 17:33:18.063 DEBUG ContenidoDAOImpl.getValoracion:468 - Id= 37 
2019-02-07 17:33:18.063 DEBUG ContenidoDAOImpl.getValoracion:468 - Id= 37 
2019-02-07 17:33:18.063 DEBUG ContenidoDAOImpl.getValoracion:485 - QUERY= {0}
2019-02-07 17:33:18.063 DEBUG ContenidoDAOImpl.getValoracion:485 - QUERY= {0}
2019-02-07 18:00:51.368 DEBUG ContenidoDAOImpl.create:537 - Contenido= 
USUARIO: nombre - null  - 1970-01-01 - 1970-01-01 - 1970-01-01
 nombreReal - apellidos - email - contrasena
avatarUrl - descripcion
com.isp.seeds.model.Pais@c333c60[idPais=AD,nombrePais=ANDORRA]com.isp.seeds.model.Pais@c333c60[idPais=AD,nombrePais=ANDORRA]
 
2019-02-07 18:00:51.368 DEBUG ContenidoDAOImpl.create:537 - Contenido= 
USUARIO: nombre - null  - 1970-01-01 - 1970-01-01 - 1970-01-01
 nombreReal - apellidos - email - contrasena
avatarUrl - descripcion
com.isp.seeds.model.Pais@c333c60[idPais=AD,nombrePais=ANDORRA]com.isp.seeds.model.Pais@c333c60[idPais=AD,nombrePais=ANDORRA]
 
2019-02-07 18:00:51.396 DEBUG ContenidoDAOImpl.create:565 - QUERY= INSERT INTO contenido (nombre, fecha_alta, fecha_mod, autor_id_contenido, tipo) VALUES (?, ?, ?, ?, ?)
2019-02-07 18:00:51.396 DEBUG ContenidoDAOImpl.create:565 - QUERY= INSERT INTO contenido (nombre, fecha_alta, fecha_mod, autor_id_contenido, tipo) VALUES (?, ?, ?, ?, ?)
2019-02-07 18:00:51.864 DEBUG ContenidoDAOImpl.update:599 - Contenido= 
USUARIO: nombre - 514  - 1970-01-01 - 1970-01-01 - Thu Feb 07 18:00:51 CET 2019
 nombreReal - aaaaaaaaaaaaaa - eeeeeeeeeee - cccccccccccc
bbbbbbbbbbbbbb - dddddddddddddd
com.isp.seeds.model.Pais@c333c60[idPais=AD,nombrePais=ANDORRA]com.isp.seeds.model.Pais@c333c60[idPais=AD,nombrePais=ANDORRA]
 
2019-02-07 18:00:51.864 DEBUG ContenidoDAOImpl.update:599 - Contenido= 
USUARIO: nombre - 514  - 1970-01-01 - 1970-01-01 - Thu Feb 07 18:00:51 CET 2019
 nombreReal - aaaaaaaaaaaaaa - eeeeeeeeeee - cccccccccccc
bbbbbbbbbbbbbb - dddddddddddddd
com.isp.seeds.model.Pais@c333c60[idPais=AD,nombrePais=ANDORRA]com.isp.seeds.model.Pais@c333c60[idPais=AD,nombrePais=ANDORRA]
 
2019-02-07 18:00:51.865 DEBUG ContenidoDAOImpl.update:660 - QUERY=  UPDATE Contenido  SET  nombre = ?  ,  fecha_alta = ?  ,  fecha_mod = ?  ,  tipo = ? WHERE id_contenido = ?
2019-02-07 18:00:51.865 DEBUG ContenidoDAOImpl.update:660 - QUERY=  UPDATE Contenido  SET  nombre = ?  ,  fecha_alta = ?  ,  fecha_mod = ?  ,  tipo = ? WHERE id_contenido = ?
2019-02-07 18:00:52.180 DEBUG ContenidoDAOImpl.delete:687 - Id= 514 
2019-02-07 18:00:52.180 DEBUG ContenidoDAOImpl.delete:687 - Id= 514 
2019-02-07 18:00:52.181 DEBUG ContenidoDAOImpl.deleteRelaciones:846 - Id= 514 
2019-02-07 18:00:52.181 DEBUG ContenidoDAOImpl.deleteRelaciones:846 - Id= 514 
2019-02-07 18:00:52.181 DEBUG ContenidoDAOImpl.deleteRelaciones:865 - QUERY= DELETE FROM Usuario_CONTENIDO WHERE USUARIO_ID_CONTENIDO = ? OR CONTENIDO_ID_CONTENIDO = ? 
2019-02-07 18:00:52.181 DEBUG ContenidoDAOImpl.deleteRelaciones:865 - QUERY= DELETE FROM Usuario_CONTENIDO WHERE USUARIO_ID_CONTENIDO = ? OR CONTENIDO_ID_CONTENIDO = ? 
2019-02-07 18:00:52.230 DEBUG ContenidoDAOImpl.deleteCategorias:801 - Id= 514 
2019-02-07 18:00:52.230 DEBUG ContenidoDAOImpl.deleteCategorias:801 - Id= 514 
2019-02-07 18:00:52.231 DEBUG ContenidoDAOImpl.deleteCategorias:817 - QUERY= DELETE FROM Categoria_CONTENIDO WHERE id_contenido = ? 
2019-02-07 18:00:52.231 DEBUG ContenidoDAOImpl.deleteCategorias:817 - QUERY= DELETE FROM Categoria_CONTENIDO WHERE id_contenido = ? 
2019-02-07 18:00:52.232 DEBUG ContenidoDAOImpl.deleteEtiquetas:757 - Id= 514 
2019-02-07 18:00:52.232 DEBUG ContenidoDAOImpl.deleteEtiquetas:757 - Id= 514 
2019-02-07 18:00:52.232 DEBUG ContenidoDAOImpl.deleteEtiquetas:773 - QUERY= DELETE FROM ETIQUETA_CONTENIDO WHERE id_contenido = ? 
2019-02-07 18:00:52.232 DEBUG ContenidoDAOImpl.deleteEtiquetas:773 - QUERY= DELETE FROM ETIQUETA_CONTENIDO WHERE id_contenido = ? 
2019-02-07 18:00:52.233 DEBUG ContenidoDAOImpl.deleteContenido:712 - Id= 514 
2019-02-07 18:00:52.233 DEBUG ContenidoDAOImpl.deleteContenido:712 - Id= 514 
2019-02-07 18:00:52.233 DEBUG ContenidoDAOImpl.deleteContenido:729 - QUERY= DELETE FROM CONTENIDO WHERE id_contenido = ? 
2019-02-07 18:00:52.233 DEBUG ContenidoDAOImpl.deleteContenido:729 - QUERY= DELETE FROM CONTENIDO WHERE id_contenido = ? 
